file /Users/vladimirjanjic/st-andrews/research/hpcgap-stuff/hpcgap/SConstruct,line 91:
	Configure(confdir = .sconf_temp)
scons: Configure: Checking for C library pthread... 
scons: Configure: ".sconf_temp/conftest_0.c" is up to date.
scons: Configure: The original builder output was:
  |.sconf_temp/conftest_0.c <-
  |  |
  |  |
  |  |
  |  |int
  |  |main() {
  |  |  
  |  |return 0;
  |  |}
  |  |
  |
scons: Configure: ".sconf_temp/conftest_0.o" is up to date.
scons: Configure: The original builder output was:
  |gcc -o .sconf_temp/conftest_0.o -c .sconf_temp/conftest_0.c
  |
scons: Configure: ".sconf_temp/conftest_0" is up to date.
scons: Configure: The original builder output was:
  |gcc -o .sconf_temp/conftest_0 .sconf_temp/conftest_0.o -lpthread
  |
scons: Configure: (cached) yes

scons: Configure: Checking for C library rt... 
scons: Configure: ".sconf_temp/conftest_1.c" is up to date.
scons: Configure: The original builder output was:
  |.sconf_temp/conftest_1.c <-
  |  |
  |  |
  |  |
  |  |int
  |  |main() {
  |  |  
  |  |return 0;
  |  |}
  |  |
  |
scons: Configure: ".sconf_temp/conftest_1.o" is up to date.
scons: Configure: The original builder output was:
  |gcc -o .sconf_temp/conftest_1.o -c .sconf_temp/conftest_1.c
  |
scons: Configure: Building ".sconf_temp/conftest_1" failed in a previous run and all its sources are up to date.
scons: Configure: The original builder output was:
  |gcc -o .sconf_temp/conftest_1 .sconf_temp/conftest_1.o -lpthread -lrt
  |
scons: Configure: (cached) no

scons: Configure: Checking for C library m... 
scons: Configure: ".sconf_temp/conftest_2.c" is up to date.
scons: Configure: The original builder output was:
  |.sconf_temp/conftest_2.c <-
  |  |
  |  |
  |  |
  |  |int
  |  |main() {
  |  |  
  |  |return 0;
  |  |}
  |  |
  |
scons: Configure: ".sconf_temp/conftest_2.o" is up to date.
scons: Configure: The original builder output was:
  |gcc -o .sconf_temp/conftest_2.o -c .sconf_temp/conftest_2.c
  |
scons: Configure: ".sconf_temp/conftest_2" is up to date.
scons: Configure: The original builder output was:
  |gcc -o .sconf_temp/conftest_2 .sconf_temp/conftest_2.o -lpthread -lm
  |
scons: Configure: (cached) yes

scons: Configure: Checking for C library dl... 
scons: Configure: ".sconf_temp/conftest_3.c" is up to date.
scons: Configure: The original builder output was:
  |.sconf_temp/conftest_3.c <-
  |  |
  |  |
  |  |
  |  |int
  |  |main() {
  |  |  
  |  |return 0;
  |  |}
  |  |
  |
scons: Configure: ".sconf_temp/conftest_3.o" is up to date.
scons: Configure: The original builder output was:
  |gcc -o .sconf_temp/conftest_3.o -c .sconf_temp/conftest_3.c
  |
scons: Configure: ".sconf_temp/conftest_3" is up to date.
scons: Configure: The original builder output was:
  |gcc -o .sconf_temp/conftest_3 .sconf_temp/conftest_3.o -lpthread -lm -ldl
  |
scons: Configure: (cached) yes

scons: Configure: Checking for C function sigsetjmp()... 
scons: Configure: ".sconf_temp/conftest_4.c" is up to date.
scons: Configure: The original builder output was:
  |.sconf_temp/conftest_4.c <-
  |  |
  |  |
  |  |#include <assert.h>
  |  |
  |  |#ifdef __cplusplus
  |  |extern "C"
  |  |#endif
  |  |char sigsetjmp();
  |  |
  |  |int main() {
  |  |#if defined (__stub_sigsetjmp) || defined (__stub___sigsetjmp)
  |  |  fail fail fail
  |  |#else
  |  |  sigsetjmp();
  |  |#endif
  |  |
  |  |  return 0;
  |  |}
  |  |
  |
scons: Configure: ".sconf_temp/conftest_4.o" is up to date.
scons: Configure: The original builder output was:
  |gcc -o .sconf_temp/conftest_4.o -c .sconf_temp/conftest_4.c
  |
scons: Configure: ".sconf_temp/conftest_4" is up to date.
scons: Configure: The original builder output was:
  |gcc -o .sconf_temp/conftest_4 .sconf_temp/conftest_4.o -lpthread -lm -ldl
  |
scons: Configure: (cached) yes

scons: Configure: Checking for C header file stdint.h... 
scons: Configure: ".sconf_temp/conftest_5.c" is up to date.
scons: Configure: The original builder output was:
  |.sconf_temp/conftest_5.c <-
  |  |
  |  |#include "stdint.h"
  |  |
  |  |
  |
scons: Configure: ".sconf_temp/conftest_5.o" is up to date.
scons: Configure: The original builder output was:
  |gcc -o .sconf_temp/conftest_5.o -c .sconf_temp/conftest_5.c
  |
scons: Configure: (cached) yes


