This is pdfTeX, Version 3.14159-1.10b (Web2C 7.4.5) (format=pdflatex 2004.4.6)  17 DEC 2004 16:26
**guava
(./guava.tex{/var/lib/texmf/pdftex/config/pdftex.cfg}
LaTeX2e <2001/06/01>
Babel <v3.7h> and hyphenation patterns for american, french, german, ngerman, n
ohyphenation, loaded.
(/usr/share/texmf/tex/latex/base/report.cls
Document Class: report 2001/04/21 v1.4e Standard LaTeX document class
(/usr/share/texmf/tex/latex/base/size11.clo
File: size11.clo 2001/04/21 v1.4e Standard LaTeX file (size option)
)
\c@part=\count79
\c@chapter=\count80
\c@section=\count81
\c@subsection=\count82
\c@subsubsection=\count83
\c@paragraph=\count84
\c@subparagraph=\count85
\c@figure=\count86
\c@table=\count87
\abovecaptionskip=\skip41
\belowcaptionskip=\skip42
\bibindent=\dimen102
)
(/usr/share/texmf/tex/latex/misc/a4wide.sty
Package: a4wide 1994/08/30

(/usr/share/texmf/tex/latex/ntgclass/a4.sty
Package: a4 1999/03/03 v1.2f A4 based page layout
))
(/usr/share/texmf/tex/latex/amsfonts/amssymb.sty
Package: amssymb 2002/01/22 v2.2d

(/usr/share/texmf/tex/latex/amsfonts/amsfonts.sty
Package: amsfonts 2001/10/25 v2.2f
\@emptytoks=\toks14
\symAMSa=\mathgroup4
\symAMSb=\mathgroup5
LaTeX Font Info:    Overwriting math alphabet `\mathfrak' in version `bold'
(Font)                  U/euf/m/n --> U/euf/b/n on input line 132.
))
(/usr/share/texmf/tex/latex/base/inputenc.sty
Package: inputenc 2001/07/10 v0.99a Input encoding file 

(/usr/share/texmf/tex/latex/base/latin1.def
File: latin1.def 2001/07/10 v0.99a Input encoding file 
))
(/usr/share/texmf/tex/latex/base/makeidx.sty
Package: makeidx 2000/03/29 v1.0m Standard LaTeX package
)
\@indexfile=\write3
\openout3 = `guava.idx'.


Writing index file guava.idx
(/usr/share/texmf/tex/latex/graphics/color.sty
Package: color 1999/02/16 v1.0i Standard LaTeX Color (DPC)

(/usr/share/texmf/tex/latex/config/color.cfg
File: color.cfg 2001/08/31 v1.1 color configuration of teTeX/TeXLive
)
Package color Info: Driver file: pdftex.def on input line 125.

(/usr/share/texmf/tex/latex/graphics/pdftex.def
File: pdftex.def 2002/06/19 v0.03k graphics/color for pdftex
\Gread@gobject=\count88
))
(/usr/share/texmf/tex/latex/fancyvrb/fancyvrb.sty
Package: fancyvrb 2000/03/21

Style option: `fancyvrb' v2.7, with DG/SPQR fixes <2000/03/21> (tvz)
(/usr/share/texmf/tex/latex/graphics/keyval.sty
Package: keyval 1999/03/16 v1.13 key=value parser (DPC)
\KV@toks@=\toks15
)
\FV@CodeLineNo=\count89
\FV@InFile=\read1
\FV@TabBox=\box26
\c@FancyVerbLine=\count90
\FV@StepNumber=\count91
\FV@OutFile=\write4
)
(/usr/share/texmf/tex/latex/misc/pslatex.sty
Package: pslatex 1996/07/24 v1.2 pslatex emulation (DPC)
LaTeX Font Info:    Redeclaring symbol font `operators' on input line 65.
LaTeX Font Info:    Overwriting symbol font `operators' in version `normal'
(Font)                  OT1/cmr/m/n --> OT1/ptmcm/m/n on input line 65.
LaTeX Font Info:    Overwriting symbol font `operators' in version `bold'
(Font)                  OT1/cmr/bx/n --> OT1/ptmcm/m/n on input line 65.
LaTeX Font Info:    Redeclaring symbol font `letters' on input line 66.
LaTeX Font Info:    Overwriting symbol font `letters' in version `normal'
(Font)                  OML/cmm/m/it --> OML/ptmcm/m/it on input line 66.
LaTeX Font Info:    Overwriting symbol font `letters' in version `bold'
(Font)                  OML/cmm/b/it --> OML/ptmcm/m/it on input line 66.
LaTeX Font Info:    Redeclaring symbol font `symbols' on input line 67.
LaTeX Font Info:    Overwriting symbol font `symbols' in version `normal'
(Font)                  OMS/cmsy/m/n --> OMS/pzccm/m/n on input line 67.
LaTeX Font Info:    Overwriting symbol font `symbols' in version `bold'
(Font)                  OMS/cmsy/b/n --> OMS/pzccm/m/n on input line 67.
LaTeX Font Info:    Redeclaring symbol font `largesymbols' on input line 68.
LaTeX Font Info:    Overwriting symbol font `largesymbols' in version `normal'
(Font)                  OMX/cmex/m/n --> OMX/psycm/m/n on input line 68.
LaTeX Font Info:    Overwriting symbol font `largesymbols' in version `bold'
(Font)                  OMX/cmex/m/n --> OMX/psycm/m/n on input line 68.
\symbold=\mathgroup6
\symitalic=\mathgroup7
LaTeX Font Info:    Redeclaring math alphabet \mathbf on input line 74.
LaTeX Font Info:    Overwriting math alphabet `\mathbf' in version `normal'
(Font)                  OT1/cmr/bx/n --> OT1/ptm/bx/n on input line 74.
LaTeX Font Info:    Overwriting math alphabet `\mathbf' in version `bold'
(Font)                  OT1/cmr/bx/n --> OT1/ptm/bx/n on input line 74.
LaTeX Font Info:    Redeclaring math alphabet \mathit on input line 75.
LaTeX Font Info:    Overwriting math alphabet `\mathit' in version `normal'
(Font)                  OT1/cmr/m/it --> OT1/ptm/m/it on input line 75.
LaTeX Font Info:    Overwriting math alphabet `\mathit' in version `bold'
(Font)                  OT1/cmr/bx/it --> OT1/ptm/m/it on input line 75.
)
(/usr/share/texmf/tex/latex/hyperref/hyperref.sty
Package: hyperref 2003/01/22 v6.73n Hypertext links for LaTeX
\@linkdim=\dimen103
\Hy@linkcounter=\count92
\Hy@pagecounter=\count93

(/usr/share/texmf/tex/latex/hyperref/pd1enc.def
File: pd1enc.def 2003/01/22 v6.73n Hyperref: PDFDocEncoding definition (HO)
)
(/usr/share/texmf/tex/latex/config/hyperref.cfg
File: hyperref.cfg 2002/06/06 v1.2 hyperref configuration of TeXLive and teTeX
)
Package hyperref Info: Option `bookmarks' set `false' on input line 1744.
Package hyperref Info: Option `colorlinks' set `true' on input line 1744.
Package hyperref Info: Option `breaklinks' set `true' on input line 1744.
Package hyperref Info: Hyper figures OFF on input line 1792.
Package hyperref Info: Link nesting OFF on input line 1797.
Package hyperref Info: Hyper index ON on input line 1800.
Package hyperref Info: Plain pages ON on input line 1805.
Package hyperref Info: Backreferencing ON on input line 1810.

Implicit mode ON; LaTeX internals redefined
Package hyperref Info: Bookmarks OFF on input line 1922.
(/usr/share/texmf/tex/latex/hyperref/backref.sty
Package: backref 2002/06/09 v1.20 Bibliographical back referencing
)
(/usr/share/texmf/tex/latex/html/url.sty
Package: url 1999/03/02  ver 1.4  Verb mode for urls, email addresses, and file
 names
)
LaTeX Info: Redefining \url on input line 2055.
\Fld@menulength=\count94
\Field@Width=\dimen104
\Fld@charsize=\dimen105
\Choice@toks=\toks16
\Field@toks=\toks17
Package hyperref Info: Hyper figures OFF on input line 2513.
Package hyperref Info: Link nesting OFF on input line 2518.
Package hyperref Info: Hyper index ON on input line 2521.
Package hyperref Info: backreferencing ON on input line 2526.
Package hyperref Info: Link coloring ON on input line 2531.
\c@Item=\count95
\c@Hfootnote=\count96
)
*hyperref using default driver hpdftex*
(/usr/share/texmf/tex/latex/hyperref/hpdftex.def
File: hpdftex.def 2003/01/22 v6.73n Hyperref driver for pdfTeX

(/usr/share/texmf/tex/latex/psnfss/pifont.sty
Package: pifont 2002/09/08 PSNFSS-v9.0a Pi font support (SPQR) 
LaTeX Font Info:    Try loading font information for U+pzd on input line 62.

(/usr/share/texmf/tex/latex/psnfss/upzd.fd
File: upzd.fd 2001/06/04 font definitions for U/pzd.
)
LaTeX Font Info:    Try loading font information for U+psy on input line 63.

(/usr/share/texmf/tex/latex/psnfss/upsy.fd
File: upsy.fd 2001/06/04 font definitions for U/psy.
))
\Fld@listcount=\count97
\@outlinefile=\write5
)
\pagenrlog=\write6
\openout6 = `guava.pnr'.

\backslashbox=\box27
 (./guava.aux

LaTeX Warning: Label `+' multiply defined.


LaTeX Warning: Label `=' multiply defined.


LaTeX Warning: Label `+' multiply defined.


LaTeX Warning: Label `*' multiply defined.

)
\openout1 = `guava.aux'.

LaTeX Font Info:    Checking defaults for OML/cmm/m/it on input line 51.
LaTeX Font Info:    ... okay on input line 51.
LaTeX Font Info:    Checking defaults for T1/cmr/m/n on input line 51.
LaTeX Font Info:    ... okay on input line 51.
LaTeX Font Info:    Checking defaults for OT1/cmr/m/n on input line 51.
LaTeX Font Info:    ... okay on input line 51.
LaTeX Font Info:    Checking defaults for OMS/pzccm/m/n on input line 51.
LaTeX Font Info:    Try loading font information for OMS+pzccm on input line 51
.
 (/usr/share/texmf/tex/latex/psnfss/omspzccm.fd
File: omspzccm.fd 2000/01/03 Fontinst v1.801 font definitions for OMS/pzccm.
)
LaTeX Font Info:    ... okay on input line 51.
LaTeX Font Info:    Checking defaults for OMX/cmex/m/n on input line 51.
LaTeX Font Info:    ... okay on input line 51.
LaTeX Font Info:    Checking defaults for U/cmr/m/n on input line 51.
LaTeX Font Info:    ... okay on input line 51.
LaTeX Font Info:    Checking defaults for PD1/pdf/m/n on input line 51.
LaTeX Font Info:    ... okay on input line 51.
Package hyperref Info: Link coloring ON on input line 51.

(/usr/share/texmf/tex/latex/hyperref/nameref.sty
Package: nameref 2001/01/27 v2.19 Cross-referencing by name of section
\c@section@level=\count98
)
LaTeX Info: Redefining \ref on input line 51.
LaTeX Info: Redefining \pageref on input line 51.
LaTeX Font Info:    Font shape `OT1/ptm/bx/n' in size <24.88> not available
(Font)              Font shape `OT1/ptm/b/n' tried instead on input line 55.
LaTeX Font Info:    Font shape `OT1/phv/bx/n' in size <24.88> not available
(Font)              Font shape `OT1/phv/b/n' tried instead on input line 55.
LaTeX Font Info:    Font shape `OT1/phv/b/n' will be
(Font)              scaled to size 22.39185pt on input line 55.
LaTeX Font Info:    Font shape `OT1/ptm/bx/n' in size <14.4> not available
(Font)              Font shape `OT1/ptm/b/n' tried instead on input line 58.
LaTeX Font Info:    Font shape `OT1/phv/bx/n' in size <14.4> not available
(Font)              Font shape `OT1/phv/b/n' tried instead on input line 58.
LaTeX Font Info:    Font shape `OT1/phv/b/n' will be
(Font)              scaled to size 12.9599pt on input line 58.
LaTeX Font Info:    Font shape `OT1/ptm/bx/n' in size <12> not available
(Font)              Font shape `OT1/ptm/b/n' tried instead on input line 62.


Package hyperref Warning: Token not allowed in a PDFDocEncoded string,
(hyperref)                removing `\\' on input line 70.

LaTeX Font Info:    Font shape `OT1/ptm/bx/n' in size <10> not available
(Font)              Font shape `OT1/ptm/b/n' tried instead on input line 76.

Underfull \hbox (badness 10000) in paragraph at lines 73--84

 []

[1

{/var/lib/texmf/dvips/config/pdftex.map}]
LaTeX Font Info:    Font shape `OT1/phv/m/n' will be
(Font)              scaled to size 8.99994pt on input line 90.

Underfull \hbox (badness 2941) in paragraph at lines 90--92
/phvr7t@8.99994pt/GUAVA /ptmr7t/is re-leased un-der the GNU Gen-eral Pub-lic Li
-cense (GPL). This file is part of /phvr7t@8.99994pt/GUAVA/ptmr7t/,
 []


Underfull \hbox (badness 10000) in paragraph at lines 90--92
/ptmr7t/though as doc-u-men-ta-tion it is re-leased un-der the GNU Free Doc-u-m
en-ta-tion Li-cense (see
 []


Underfull \hbox (badness 10000) in paragraph at lines 104--106

 []


Underfull \hbox (badness 1057) in paragraph at lines 129--130
/ptmr7t/Cur-rently known bugs and sug-gested /phvr7t@8.99994pt/GUAVA /ptmr7t/pr
ojects are listed on the bugs and projects web page
 []


Underfull \hbox (badness 10000) in paragraph at lines 131--135

 []

LaTeX Font Info:    Font shape `OT1/phv/m/sl' will be
(Font)              scaled to size 7.19995pt on input line 135.
[2] (./guava.toc
LaTeX Font Info:    Font shape `OT1/ptm/bx/n' in size <10.95> not available
(Font)              Font shape `OT1/ptm/b/n' tried instead on input line 1.
LaTeX Font Info:    Font shape `OT1/phv/m/n' will be
(Font)              scaled to size 9.85492pt on input line 2.
LaTeX Font Info:    Try loading font information for OT1+ptmcm on input line 2.

 (/usr/share/texmf/tex/latex/psnfss/ot1ptmcm.fd
File: ot1ptmcm.fd 2000/01/03 Fontinst v1.801 font definitions for OT1/ptmcm.
)
LaTeX Font Info:    Try loading font information for OML+ptmcm on input line 2.


(/usr/share/texmf/tex/latex/psnfss/omlptmcm.fd
File: omlptmcm.fd 2000/01/03 Fontinst v1.801 font definitions for OML/ptmcm.
)
LaTeX Font Info:    Try loading font information for OMX+psycm on input line 2.


(/usr/share/texmf/tex/latex/psnfss/omxpsycm.fd
File: omxpsycm.fd 2000/01/03 Fontinst v1.801 font definitions for OMX/psycm.
)
LaTeX Font Info:    Try loading font information for U+msa on input line 2.

(/usr/share/texmf/tex/latex/amsfonts/umsa.fd
File: umsa.fd 2002/01/19 v2.2g AMS font definitions
)
LaTeX Font Info:    Try loading font information for U+msb on input line 2.

(/usr/share/texmf/tex/latex/amsfonts/umsb.fd
File: umsb.fd 2002/01/19 v2.2g AMS font definitions
)
LaTeX Font Info:    Font shape `OT1/ptm/bx/n' in size <8> not available
(Font)              Font shape `OT1/ptm/b/n' tried instead on input line 2.
LaTeX Font Info:    Font shape `OT1/ptm/bx/n' in size <6> not available
(Font)              Font shape `OT1/ptm/b/n' tried instead on input line 2.
 [3

] [4] [5] [6] [7])
\tf@toc=\write7
\openout7 = `guava.toc'.

 [8]
Chapter 1.
LaTeX Font Info:    Font shape `OT1/ptm/bx/n' in size <20.74> not available
(Font)              Font shape `OT1/ptm/b/n' tried instead on input line 143.
LaTeX Font Info:    Font shape `OMS/ptm/m/n' in size <10.95> not available
(Font)              Font shape `OMS/pzccm/m/n' tried instead on input line 155.

[9

] [10]
Chapter 2.
[11

]
Underfull \hbox (badness 10000) in paragraph at lines 258--261

 []

[12]
Underfull \hbox (badness 10000) in paragraph at lines 326--329

 []

[13]
Underfull \hbox (badness 10000) in paragraph at lines 353--356

 []


Underfull \hbox (badness 10000) in paragraph at lines 381--384

 []

LaTeX Font Info:    Try loading font information for OML+ptm on input line 395.

(/usr/share/texmf/tex/latex/psnfss/omlptm.fd
File: omlptm.fd 
)
LaTeX Font Info:    Font shape `OML/ptm/m/n' in size <10.95> not available
(Font)              Font shape `OML/cmm/m/it' tried instead on input line 395.
 [14]
Underfull \hbox (badness 10000) in paragraph at lines 429--432

 []


Underfull \hbox (badness 1005) in paragraph at lines 450--451
/ptmr7t@10.95pt/The last com-mand re-turn a /phvr7t@9.85492pt/GAP /ptmr7t@10.95
pt/ER-ROR since the `code-word' which /phvr7t@9.85492pt/GUAVA /ptmr7t@10.95pt/a
s-so-ciates to
 []


Underfull \hbox (badness 10000) in paragraph at lines 454--457

 []


Underfull \hbox (badness 10000) in paragraph at lines 465--468

 []

[15]
Underfull \hbox (badness 10000) in paragraph at lines 522--525

 []


Underfull \hbox (badness 10000) in paragraph at lines 540--543

 []

[16]
Underfull \hbox (badness 10000) in paragraph at lines 563--566

 []


Underfull \hbox (badness 10000) in paragraph at lines 588--591

 []

[17]
Underfull \hbox (badness 10000) in paragraph at lines 622--625

 []


Underfull \hbox (badness 10000) in paragraph at lines 644--647

 []


Underfull \hbox (badness 10000) in paragraph at lines 667--670

 []

[18]
Underfull \hbox (badness 10000) in paragraph at lines 695--698

 []

[19]
Chapter 3.
[20

] [21]
Underfull \hbox (badness 10000) in paragraph at lines 810--813

 []

[22]
Underfull \hbox (badness 10000) in paragraph at lines 849--852

 []


Underfull \hbox (badness 10000) in paragraph at lines 871--874

 []


Underfull \hbox (badness 10000) in paragraph at lines 891--894

 []

[23]
Underfull \hbox (badness 10000) in paragraph at lines 915--918

 []


Underfull \hbox (badness 10000) in paragraph at lines 952--955

 []


Underfull \hbox (badness 10000) in paragraph at lines 972--975

 []

[24]
Underfull \hbox (badness 10000) in paragraph at lines 992--995

 []


Underfull \hbox (badness 10000) in paragraph at lines 1011--1014

 []


Underfull \hbox (badness 10000) in paragraph at lines 1035--1038

 []

[25]
Underfull \hbox (badness 10000) in paragraph at lines 1059--1062

 []


Underfull \hbox (badness 10000) in paragraph at lines 1088--1091

 []

[26]
Underfull \hbox (badness 10000) in paragraph at lines 1111--1114

 []


Underfull \hbox (badness 10000) in paragraph at lines 1136--1139

 []


Underfull \hbox (badness 10000) in paragraph at lines 1162--1165

 []

[27]
Underfull \hbox (badness 10000) in paragraph at lines 1190--1193

 []


Underfull \hbox (badness 10000) in paragraph at lines 1214--1217

 []

[28]
Underfull \hbox (badness 10000) in paragraph at lines 1252--1255

 []


Underfull \hbox (badness 10000) in paragraph at lines 1282--1285

 []

[29]
Underfull \hbox (badness 10000) in paragraph at lines 1298--1301

 []


Underfull \hbox (badness 10000) in paragraph at lines 1317--1320

 []


Underfull \hbox (badness 10000) in paragraph at lines 1338--1341

 []

[30]
Underfull \hbox (badness 10000) in paragraph at lines 1361--1364

 []


Underfull \hbox (badness 10000) in paragraph at lines 1393--1396

 []

[31]
Underfull \hbox (badness 10000) in paragraph at lines 1428--1431

 []


Underfull \hbox (badness 10000) in paragraph at lines 1450--1453

 []


Underfull \hbox (badness 10000) in paragraph at lines 1481--1484

 []

[32]
Underfull \hbox (badness 10000) in paragraph at lines 1515--1518

 []

[33]
Underfull \hbox (badness 10000) in paragraph at lines 1549--1552

 []


Underfull \hbox (badness 10000) in paragraph at lines 1572--1575

 []


Underfull \hbox (badness 10000) in paragraph at lines 1597--1600

 []

[34]
Underfull \hbox (badness 10000) in paragraph at lines 1629--1632

 []


Underfull \hbox (badness 10000) in paragraph at lines 1650--1653

 []


Underfull \hbox (badness 10000) in paragraph at lines 1672--1675

 []

[35]
LaTeX Font Info:    Font shape `OT1/pcr/m/it' in size <10.95> not available
(Font)              Font shape `OT1/pcr/m/sl' tried instead on input line 1685.


Underfull \hbox (badness 10000) in paragraph at lines 1715--1718

 []

[36]
Underfull \hbox (badness 10000) in paragraph at lines 1750--1753

 []


Underfull \hbox (badness 2042) in paragraph at lines 1760--1762
[]/ptmr7t@10.95pt/The re-sult re-turned is a record with two fields; the first,
 /pcrr7tn@10.95pt/mindist/ptmr7t@10.95pt/, gives the low-est
 []


Underfull \hbox (badness 1590) in paragraph at lines 1760--1762
/ptmr7t@10.95pt/rectly, so the com-mand was only found af-ter read-ing all the 
/ptmri7t@10.95pt/*.gi /ptmr7t@10.95pt/files in the /phvr7t@9.85492pt/GUAVA /ptm
r7t@10.95pt/li-
 []

[37]
Underfull \hbox (badness 10000) in paragraph at lines 1783--1786

 []

[38]
Underfull \hbox (badness 10000) in paragraph at lines 1858--1861

 []

[39]
Underfull \hbox (badness 10000) in paragraph at lines 1912--1915

 []

[40]
Underfull \hbox (badness 10000) in paragraph at lines 1942--1945

 []


Underfull \hbox (badness 10000) in paragraph at lines 1966--1969

 []


Underfull \hbox (badness 10000) in paragraph at lines 1988--1991

 []

[41]
Underfull \hbox (badness 10000) in paragraph at lines 2010--2013

 []


Underfull \hbox (badness 10000) in paragraph at lines 2042--2045

 []

[42]
Underfull \hbox (badness 10000) in paragraph at lines 2085--2088

 []

[43]
Underfull \hbox (badness 10000) in paragraph at lines 2137--2140

 []


Underfull \hbox (badness 1102) in paragraph at lines 2145--2147
[]/ptmr7t@10.95pt/For long codes, this method is faster in prac-tice than the i
n-ter-po-la-tion method used in
 []

[44]
Underfull \hbox (badness 10000) in paragraph at lines 2169--2172

 []


Underfull \hbox (badness 10000) in paragraph at lines 2219--2222

 []

[45]
Underfull \hbox (badness 10000) in paragraph at lines 2259--2262

 []

[46]
Underfull \hbox (badness 10000) in paragraph at lines 2300--2303

 []


Underfull \hbox (badness 10000) in paragraph at lines 2328--2331

 []

[47]
Underfull \hbox (badness 10000) in paragraph at lines 2361--2364

 []


Underfull \hbox (badness 10000) in paragraph at lines 2384--2387

 []


Underfull \hbox (badness 10000) in paragraph at lines 2392--2394
[]/ptmr7t@10.95pt/This uses /pcrr7tn@10.95pt/AutomorphismGroup /ptmr7t@10.95pt/
in the bi-nary case, and (the slower)
 []

[48] [49]
Chapter 4.

Underfull \hbox (badness 10000) in paragraph at lines 2432--2435
/pcrr7tn@10.95pt/AClosestVectorCombinationsMatFFEVecFFECoords/ptmr7t@10.95pt/, 
/pcrr7tn@10.95pt/CosetLeadersMatFFE/ptmr7t@10.95pt/,
 []


Underfull \hbox (badness 10000) in paragraph at lines 2432--2435
/pcrr7tn@10.95pt/DistancesDistributionMatFFEVecFFE/ptmr7t@10.95pt/, /pcrr7tn@10
.95pt/DistancesDistributionVecFFEsVecFFE/ptmr7t@10.95pt/,
 []


Underfull \hbox (badness 10000) in paragraph at lines 2443--2446

 []

[50

]
Underfull \hbox (badness 10000) in paragraph at lines 2477--2480

 []


Underfull \hbox (badness 10000) in paragraph at lines 2502--2505

 []


Underfull \hbox (badness 10000) in paragraph at lines 2526--2529

 []

[51]
Underfull \hbox (badness 10000) in paragraph at lines 2555--2558

 []


Underfull \hbox (badness 10000) in paragraph at lines 2572--2575

 []


Underfull \hbox (badness 2150) in paragraph at lines 2578--2581
/ptmr7t@10.95pt/This is also called the (Ham-ming) dis-tance be-tween $/zptmcmr
m@10.95pt/v /zptmcmr@10.95pt/= (/zptmcmrm@10.95pt/v[]; :::; v[]/zptmcmr@10.95pt
/)$ /ptmr7t@10.95pt/and $/zptmcmrm@10.95pt/w /zptmcmr@10.95pt/= (/zptmcmrm@10.9
5pt/w[]; :::; w[]/zptmcmr@10.95pt/)$/ptmr7t@10.95pt/.
 []

[52]
Chapter 5.

Underfull \hbox (badness 10000) in paragraph at lines 2627--2630

 []

[53

]
Underfull \hbox (badness 10000) in paragraph at lines 2650--2653

 []


Underfull \hbox (badness 3623) in paragraph at lines 2655--2656
[]/ptmr7t@10.95pt/The four forms this com-mand can take are /pcrr7tn@10.95pt/Ha
damardCode(H,t)/ptmr7t@10.95pt/, /pcrr7tn@10.95pt/HadamardCode(H)/ptmr7t@10.95p
t/,
 []


Underfull \hbox (badness 10000) in paragraph at lines 2691--2694

 []

[54]
Underfull \hbox (badness 10000) in paragraph at lines 2720--2723

 []


Underfull \hbox (badness 10000) in paragraph at lines 2754--2757

 []

[55]
Underfull \hbox (badness 1546) in paragraph at lines 2761--2762
[]/ptmr7t@10.95pt/The func-tion /pcrr7tn@10.95pt/RandomLinearCode /ptmr7t@10.95
pt/re-turns a ran-dom lin-ear code (see /pcrr7tn@10.95pt/RandomLinearCode
 []


Underfull \hbox (badness 10000) in paragraph at lines 2778--2781

 []


Underfull \hbox (badness 10000) in paragraph at lines 2796--2799

 []


Underfull \hbox (badness 10000) in paragraph at lines 2822--2825

 []

[56]
Underfull \hbox (badness 1430) in paragraph at lines 2855--2857
[]/ptmr7t@10.95pt/The next func-tions we de-scribe gen-er-ate some well-known c
odes, like Ham-ming codes
 []


Underfull \hbox (badness 10000) in paragraph at lines 2867--2870

 []

[57]
Underfull \hbox (badness 10000) in paragraph at lines 2895--2898

 []


Underfull \hbox (badness 10000) in paragraph at lines 2923--2926

 []

[58]
Underfull \hbox (badness 10000) in paragraph at lines 2945--2948

 []


LaTeX Warning: Reference `GeneralizedReedMuller' on page 59 undefined on input 
line 2957.


Underfull \hbox (badness 10000) in paragraph at lines 2961--2964

 []


Underfull \hbox (badness 10000) in paragraph at lines 2980--2983

 []

[59]
Underfull \hbox (badness 10000) in paragraph at lines 3018--3021

 []


Underfull \hbox (badness 10000) in paragraph at lines 3038--3041

 []

[60]
Underfull \hbox (badness 10000) in paragraph at lines 3063--3066

 []


Underfull \hbox (badness 10000) in paragraph at lines 3082--3085

 []

[61]
Underfull \hbox (badness 10000) in paragraph at lines 3105--3108

 []


Underfull \hbox (badness 10000) in paragraph at lines 3122--3125

 []

[62]
Underfull \hbox (badness 10000) in paragraph at lines 3181--3184

 []


Underfull \hbox (badness 10000) in paragraph at lines 3192--3195

 []


Underfull \hbox (badness 10000) in paragraph at lines 3203--3206

 []


Underfull \hbox (badness 10000) in paragraph at lines 3214--3217

 []


Underfull \hbox (badness 10000) in paragraph at lines 3225--3228

 []

[63]
Underfull \hbox (badness 10000) in paragraph at lines 3258--3261

 []


Underfull \hbox (badness 10000) in paragraph at lines 3280--3283

 []

[64]
Underfull \hbox (badness 10000) in paragraph at lines 3306--3309

 []


Underfull \hbox (badness 10000) in paragraph at lines 3326--3329

 []

[65]
Underfull \hbox (badness 2529) in paragraph at lines 3377--3378
[]/ptmr7t@10.95pt/Finally we de-scribe the triv-ial codes (see /pcrr7tn@10.95pt
/WholeSpaceCode /ptmr7t@10.95pt/([][]5.5.8[][][]), /pcrr7tn@10.95pt/NullCode /p
tmr7t@10.95pt/([][]5.5.9[][][]),
 []


Underfull \hbox (badness 3668) in paragraph at lines 3377--3378
/pcrr7tn@10.95pt/RepetitionCode /ptmr7t@10.95pt/([][]5.5.10[][][])), and the co
m-mand /pcrr7tn@10.95pt/CyclicCodes /ptmr7t@10.95pt/which lists all cyclic code
s
 []


Underfull \hbox (badness 10000) in paragraph at lines 3381--3384

 []

[66]
Underfull \hbox (badness 10000) in paragraph at lines 3408--3411

 []


Underfull \hbox (badness 10000) in paragraph at lines 3433--3436

 []

[67]
Underfull \hbox (badness 10000) in paragraph at lines 3463--3466

 []


Underfull \hbox (badness 10000) in paragraph at lines 3502--3505

 []

[68]
Underfull \hbox (badness 10000) in paragraph at lines 3527--3530

 []


Underfull \hbox (badness 10000) in paragraph at lines 3553--3556

 []

[69]
Underfull \hbox (badness 10000) in paragraph at lines 3580--3583

 []


Underfull \hbox (badness 10000) in paragraph at lines 3596--3599

 []


Underfull \hbox (badness 10000) in paragraph at lines 3614--3617

 []

[70]
Underfull \hbox (badness 10000) in paragraph at lines 3636--3639

 []


Underfull \hbox (badness 10000) in paragraph at lines 3656--3659

 []


Underfull \hbox (badness 10000) in paragraph at lines 3692--3695

 []

[71]
Underfull \hbox (badness 10000) in paragraph at lines 3702--3703
[]/ptmr7t@10.95pt/This com-mand re-turns a "record" ob-ject /pcrr7tn@10.95pt/C 
/ptmr7t@10.95pt/with sev-eral ex-tra com-po-nents (type
 []


Underfull \hbox (badness 10000) in paragraph at lines 3727--3730

 []


Underfull \hbox (badness 10000) in paragraph at lines 3737--3738
[]/ptmr7t@10.95pt/This com-mand re-turns a "record" ob-ject /pcrr7tn@10.95pt/C 
/ptmr7t@10.95pt/with sev-eral ex-tra com-po-nents (type
 []


Underfull \hbox (badness 1412) in paragraph at lines 3737--3738
/pcrr7tn@10.95pt/NamesOfComponents(C) /ptmr7t@10.95pt/to see them all): /pcrr7t
n@10.95pt/C!.points /ptmr7t@10.95pt/(namely []), /pcrr7tn@10.95pt/C!.degree /pt
mr7t@10.95pt/(namely []),
 []

[72]
Underfull \hbox (badness 10000) in paragraph at lines 3743--3744
[]/ptmr7t@10.95pt/The weighted ver-sion has im-ple-mented with the op-tion
 []


Underfull \hbox (badness 10000) in paragraph at lines 3768--3771

 []


Underfull \hbox (badness 10000) in paragraph at lines 3775--3776
[]/ptmr7t@10.95pt/This com-mand re-turns a "record" ob-ject /pcrr7tn@10.95pt/C 
/ptmr7t@10.95pt/with sev-eral ex-tra com-po-nents (type
 []

[73]
Underfull \hbox (badness 10000) in paragraph at lines 3791--3794

 []


Underfull \hbox (badness 10000) in paragraph at lines 3815--3818

 []


Underfull \hbox (badness 10000) in paragraph at lines 3825--3826
[]/ptmr7t@10.95pt/This com-mand re-turns a "record" ob-ject /pcrr7tn@10.95pt/C 
/ptmr7t@10.95pt/with sev-eral ex-tra com-po-nents (type
 []

[74]
Underfull \hbox (badness 10000) in paragraph at lines 3853--3856

 []


Underfull \hbox (badness 10000) in paragraph at lines 3873--3876

 []

[75]
Chapter 6.

Underfull \hbox (badness 1127) in paragraph at lines 3912--3914
/ptmr7t@10.95pt/([][]6.1.6[][][]), /pcrr7tn@10.95pt/RemovedElementsCode /ptmr7t
@10.95pt/([][]6.1.7[][][]), /pcrr7tn@10.95pt/AddedElementsCode /ptmr7t@10.95pt/
([][]6.1.8[][][]), /pcrr7tn@10.95pt/ShortenedCode /ptmr7t@10.95pt/([][]6.1.9[][
][]),
 []


Underfull \hbox (badness 3078) in paragraph at lines 3912--3914
/pcrr7tn@10.95pt/LengthenedCode /ptmr7t@10.95pt/([][]6.1.10[][][]), /pcrr7tn@10
.95pt/ResidueCode /ptmr7t@10.95pt/([][]6.1.11[][][]), /pcrr7tn@10.95pt/Construc
tionBCode /ptmr7t@10.95pt/([][]6.1.12[][][]), /pcrr7tn@10.95pt/DualCode
 []


Underfull \hbox (badness 10000) in paragraph at lines 3920--3923

 []

[76

]
Underfull \hbox (badness 5578) in paragraph at lines 3948--3950
/ptmr7t@10.95pt/To undo ex-tend-ing, call /pcrr7tn@10.95pt/PuncturedCode /ptmr7
t@10.95pt/(see /pcrr7tn@10.95pt/PuncturedCode /ptmr7t@10.95pt/([][]6.1.2[][][])
). The func-tion
 []


Underfull \hbox (badness 10000) in paragraph at lines 3953--3956

 []


Underfull \hbox (badness 10000) in paragraph at lines 3985--3988

 []

[77]
Underfull \hbox (badness 10000) in paragraph at lines 4012--4015

 []


Underfull \hbox (badness 10000) in paragraph at lines 4039--4042

 []

[78]
Underfull \hbox (badness 10000) in paragraph at lines 4064--4067

 []


Underfull \hbox (badness 10000) in paragraph at lines 4098--4101

 []

[79]
Underfull \hbox (badness 10000) in paragraph at lines 4122--4125

 []


Underfull \hbox (badness 10000) in paragraph at lines 4146--4149

 []

[80]
Underfull \hbox (badness 10000) in paragraph at lines 4187--4190

 []


Underfull \hbox (badness 10000) in paragraph at lines 4207--4210

 []

[81]
Underfull \hbox (badness 10000) in paragraph at lines 4230--4233

 []


Underfull \hbox (badness 10000) in paragraph at lines 4264--4267

 []

[82]
Underfull \hbox (badness 10000) in paragraph at lines 4293--4296

 []


Underfull \hbox (badness 10000) in paragraph at lines 4320--4323

 []

[83]
Underfull \hbox (badness 10000) in paragraph at lines 4347--4350

 []


Underfull \hbox (badness 10000) in paragraph at lines 4380--4383

 []

[84]
Underfull \hbox (badness 10000) in paragraph at lines 4415--4418

 []


Underfull \hbox (badness 10000) in paragraph at lines 4446--4449

 []

[85]
Underfull \hbox (badness 10000) in paragraph at lines 4473--4476

 []


Underfull \hbox (badness 10000) in paragraph at lines 4502--4505

 []


Underfull \hbox (badness 10000) in paragraph at lines 4524--4527

 []

[86]
Underfull \hbox (badness 10000) in paragraph at lines 4551--4554

 []


Underfull \hbox (badness 10000) in paragraph at lines 4579--4582

 []

[87]
Underfull \hbox (badness 10000) in paragraph at lines 4608--4611

 []

[88]
Underfull \hbox (badness 10000) in paragraph at lines 4644--4647

 []

[89]
Chapter 7.

Underfull \hbox (badness 3514) in paragraph at lines 4691--4693
[]/ptmr7t@10.95pt/Firstly, we de-scribe func-tions that com-pute spe-cific up-p
er bounds on the code size
 []


Underfull \hbox (badness 10000) in paragraph at lines 4705--4708

 []

[90

]
Underfull \hbox (badness 10000) in paragraph at lines 4727--4730

 []


Underfull \hbox (badness 10000) in paragraph at lines 4750--4753

 []


Underfull \hbox (badness 10000) in paragraph at lines 4770--4773

 []

[91]
Underfull \hbox (badness 10000) in paragraph at lines 4797--4800

 []


Underfull \hbox (badness 10000) in paragraph at lines 4819--4822

 []

[92]
Underfull \hbox (badness 10000) in paragraph at lines 4843--4846

 []


Underfull \hbox (badness 10000) in paragraph at lines 4862--4865

 []


Underfull \hbox (badness 10000) in paragraph at lines 4885--4888

 []

[93]
Underfull \hbox (badness 10000) in paragraph at lines 4908--4911

 []


Underfull \hbox (badness 10000) in paragraph at lines 4927--4930

 []


Underfull \hbox (badness 10000) in paragraph at lines 4951--4954

 []

[94]
Underfull \hbox (badness 1946) in paragraph at lines 4960--4963
/ptmr7t@10.95pt/bles con-tain-ing lower and up-per bounds for $/zptmcmrm@10.95p
t/q /zptmcmr@10.95pt/= 2(/zptmcmrm@10.95pt/n /zpzccmry@10.95pt/^^T /zptmcmr@10.
95pt/257)/zptmcmrm@10.95pt/; /zptmcmr@10.95pt/3/zptmcmrm@10.95pt/; /zptmcmr@10.
95pt/4(/zptmcmrm@10.95pt/n /zpzccmry@10.95pt/^^T /zptmcmr@10.95pt/130)$/ptmr7t@
10.95pt/. (Cur-rent as
 []


Underfull \hbox (badness 2671) in paragraph at lines 4960--4963
/ptmr7t@10.95pt/of 1998.) These ta-bles were de-rived from the ta-ble of Brouwe
r and Ver-ho-eff. (See
 []


Underfull \hbox (badness 10000) in paragraph at lines 4964--4965
[]/ptmr7t@10.95pt/The re-sult-ing record can be used in the func-tion /pcrr7tn@
10.95pt/BestKnownLinearCode /ptmr7t@10.95pt/(see
 []


Underfull \hbox (badness 10000) in paragraph at lines 4995--4998

 []


Underfull \hbox (badness 10000) in paragraph at lines 5003--5004
[]/ptmr7t@10.95pt/If the cov-er-ing ra-dius of [] is known, a list of length 1 
is re-turned.
 []


Underfull \hbox (badness 4739) in paragraph at lines 5003--5004
/pcrr7tn@10.95pt/BoundsCoveringRadius /ptmr7t@10.95pt/makes use of the func-tio
ns /pcrr7tn@10.95pt/GeneralLowerBoundCoveringRadius
 []

[95]
Underfull \hbox (badness 10000) in paragraph at lines 5016--5019

 []

[96]
Underfull \hbox (badness 10000) in paragraph at lines 5095--5098

 []


Underfull \hbox (badness 10000) in paragraph at lines 5118--5121

 []

[97]
Underfull \hbox (badness 10000) in paragraph at lines 5140--5143

 []


Underfull \hbox (badness 10000) in paragraph at lines 5161--5164

 []


Overfull \hbox (8.54312pt too wide) in paragraph at lines 5166--5167
[]/ptmr7t@10.95pt/This com-mand can also be called us-ing the syn-tax /pcrr7tn@
10.95pt/LowerBoundCoveringRadiusSphereCovering(
 []


Underfull \hbox (badness 10000) in paragraph at lines 5190--5193

 []

[98]
Underfull \hbox (badness 10000) in paragraph at lines 5223--5226

 []

[99]
Underfull \hbox (badness 10000) in paragraph at lines 5258--5261

 []


Underfull \hbox (badness 10000) in paragraph at lines 5294--5297

 []


Underfull \hbox (badness 3396) in paragraph at lines 5299--5301
[]/ptmr7t@10.95pt/This com-mand can also be called with /pcrr7tn@10.95pt/LowerB
oundCoveringRadiusEmbedded1( n, r
 []

[100]
Underfull \hbox (badness 10000) in paragraph at lines 5308--5309
[]/ptmr7t@10.95pt/Sometimes /pcrr7tn@10.95pt/LowerBoundCoveringRadiusEmbedded1 
/ptmr7t@10.95pt/is bet-ter than
 []


Underfull \hbox (badness 10000) in paragraph at lines 5328--5331

 []


Underfull \hbox (badness 3396) in paragraph at lines 5333--5335
[]/ptmr7t@10.95pt/This com-mand can also be called with /pcrr7tn@10.95pt/LowerB
oundCoveringRadiusEmbedded2( n, r
 []


Underfull \hbox (badness 10000) in paragraph at lines 5342--5343
[]/ptmr7t@10.95pt/Sometimes /pcrr7tn@10.95pt/LowerBoundCoveringRadiusEmbedded1 
/ptmr7t@10.95pt/is bet-ter than
 []


Underfull \hbox (badness 10000) in paragraph at lines 5362--5365

 []

[101]
Underfull \hbox (badness 10000) in paragraph at lines 5391--5394

 []


Underfull \hbox (badness 10000) in paragraph at lines 5412--5415

 []


Underfull \hbox (badness 10000) in paragraph at lines 5434--5437

 []

[102]
Underfull \hbox (badness 10000) in paragraph at lines 5458--5461

 []


Underfull \hbox (badness 10000) in paragraph at lines 5481--5484

 []

[103]
Underfull \hbox (badness 10000) in paragraph at lines 5517--5520

 []


Underfull \hbox (badness 10000) in paragraph at lines 5544--5547

 []

[104]
Underfull \hbox (badness 10000) in paragraph at lines 5569--5572

 []


Underfull \hbox (badness 10000) in paragraph at lines 5591--5594

 []

[105]
Underfull \hbox (badness 10000) in paragraph at lines 5620--5623

 []


Underfull \hbox (badness 10000) in paragraph at lines 5642--5645

 []

[106]
Underfull \hbox (badness 10000) in paragraph at lines 5673--5676

 []


Underfull \hbox (badness 10000) in paragraph at lines 5695--5698

 []


Underfull \hbox (badness 10000) in paragraph at lines 5715--5718

 []

[107]
Underfull \hbox (badness 10000) in paragraph at lines 5746--5749

 []


Underfull \hbox (badness 10000) in paragraph at lines 5778--5781

 []

[108]
Underfull \hbox (badness 10000) in paragraph at lines 5818--5821

 []


Underfull \hbox (badness 10000) in paragraph at lines 5836--5839

 []

[109]
Underfull \hbox (badness 10000) in paragraph at lines 5866--5869

 []


Underfull \hbox (badness 10000) in paragraph at lines 5884--5887

 []


Underfull \hbox (badness 10000) in paragraph at lines 5901--5904

 []

[110]
Underfull \hbox (badness 10000) in paragraph at lines 5918--5921

 []


Underfull \hbox (badness 10000) in paragraph at lines 5938--5941

 []


Underfull \hbox (badness 10000) in paragraph at lines 5968--5971

 []

[111]
Underfull \hbox (badness 10000) in paragraph at lines 5989--5992

 []


Underfull \hbox (badness 3078) in paragraph at lines 5998--5999
[]/ptmr7t@10.95pt/If [] is a code-word, then /pcrr7tn@10.95pt/CodeDistanceEnume
rator /ptmr7t@10.95pt/re-turns the same poly-no-mial as
 []


Underfull \hbox (badness 10000) in paragraph at lines 6011--6014

 []


Underfull \hbox (badness 10000) in paragraph at lines 6029--6032

 []

[112]
Underfull \hbox (badness 10000) in paragraph at lines 6050--6053

 []


Underfull \hbox (badness 10000) in paragraph at lines 6072--6075

 []


Underfull \hbox (badness 10000) in paragraph at lines 6096--6099

 []

[113]
Underfull \hbox (badness 10000) in paragraph at lines 6117--6120

 []


Underfull \hbox (badness 10000) in paragraph at lines 6137--6140

 []


Underfull \hbox (badness 10000) in paragraph at lines 6163--6166

 []

[114]
Underfull \hbox (badness 10000) in paragraph at lines 6182--6185

 []


Underfull \hbox (badness 10000) in paragraph at lines 6202--6205

 []

[115]
Underfull \hbox (badness 10000) in paragraph at lines 6229--6232

 []


Underfull \hbox (badness 10000) in paragraph at lines 6251--6254

 []


Underfull \hbox (badness 10000) in paragraph at lines 6282--6285

 []

[116]
Underfull \hbox (badness 10000) in paragraph at lines 6304--6307

 []


Underfull \hbox (badness 10000) in paragraph at lines 6339--6342

 []

[117] (./guava.bbl (./guava.brf)
\tf@brf=\write8
\openout8 = `guava.brf'.

 [118]) (./guava.ind [119

]
Overfull \hbox (11.12057pt too wide) in paragraph at lines 14--16
[]/pcrr7tn@10.95pt/AClosestVectorComb..MatFFEVecFFECoords/ptmr7t@10.95pt/,
 []


Overfull \hbox (11.12057pt too wide) in paragraph at lines 16--18
[]/pcrr7tn@10.95pt/AClosestVectorCombinationsMatFFEVecFFE/ptmr7t@10.95pt/,
 []

[120

]
Underfull \hbox (badness 10000) in paragraph at lines 134--135
[]/pcrr7tn@10.95pt/DistancesDistributionVecFFEsVecFFE/ptmr7t@10.95pt/,
 []

[121]
Overfull \hbox (11.12057pt too wide) in paragraph at lines 233--235
[]/pcrr7tn@10.95pt/LowerBoundCoveringRadiusCountingExcess/ptmr7t@10.95pt/,
 []


Underfull \hbox (badness 10000) in paragraph at lines 235--236
[]/pcrr7tn@10.95pt/LowerBoundCoveringRadiusEmbedded1/ptmr7t@10.95pt/,
 []


Underfull \hbox (badness 10000) in paragraph at lines 236--237
[]/pcrr7tn@10.95pt/LowerBoundCoveringRadiusEmbedded2/ptmr7t@10.95pt/,
 []


Underfull \hbox (badness 10000) in paragraph at lines 237--238
[]/pcrr7tn@10.95pt/LowerBoundCoveringRadiusInduction/ptmr7t@10.95pt/,
 []


Overfull \hbox (11.12057pt too wide) in paragraph at lines 238--240
[]/pcrr7tn@10.95pt/LowerBoundCoveringRadiusSphereCovering/ptmr7t@10.95pt/,
 []

[122]
Underfull \hbox (badness 10000) in paragraph at lines 349--350
[]/pcrr7tn@10.95pt/UpperBoundCoveringRadiusCyclicCode/ptmr7t@10.95pt/,
 []


Underfull \hbox (badness 10000) in paragraph at lines 351--353
[]/pcrr7tn@10.95pt/UpperBoundCoveringRadiusGriesmerLike/ptmr7t@10.95pt/,
 []


Underfull \hbox (badness 10000) in paragraph at lines 353--354
[]/pcrr7tn@10.95pt/UpperBoundCoveringRadiusRedundancy/ptmr7t@10.95pt/,
 []

[123]) (./guava.aux)

LaTeX Warning: There were undefined references.


LaTeX Warning: There were multiply-defined labels.

 ) 
Here is how much of TeX's memory you used:
 3773 strings out of 95437
 52177 string characters out of 1190248
 109632 words of memory out of 1000001
 6317 multiletter control sequences out of 10000+50000
 54875 words of font info for 103 fonts, out of 500000 for 1000
 14 hyphenation exceptions out of 1000
 27i,7n,27p,1312b,525s stack positions out of 1500i,500n,5000p,200000b,5000s
 1737 PDF objects out of 300000
 395 named destinations out of 131072
 16 words of extra memory for PDF output out of 65536
</usr/share/texmf/fonts/type1/bluesky/cm/cmex10.pfb></usr/share/texmf/fonts/t
ype1/public/tt2001/fmex9.pfb>{/usr/share/texmf/dvips/psnfss/8r.enc}{/usr/share/
texmf/dvips/tetex/aae443f0.enc}</usr/share/texmf/fonts/type1/bluesky/cm/cmmi10.
pfb></usr/share/texmf/fonts/type1/bluesky/symbols/msam10.pfb>{/usr/share/texmf/
dvips/tetex/f7b6d320.enc}</usr/share/texmf/fonts/type1/bluesky/cm/cmr10.pfb>{/u
sr/share/texmf/dvips/tetex/bbad153f.enc}</usr/share/texmf/fonts/type1/bluesky/c
m/cmsy10.pfb></usr/share/texmf/fonts/type1/urw/courier/ucrr8a.pfb>
Output written on guava.pdf (123 pages, 654430 bytes).
