This file contains any messages produced by compilers while
running configure, to aid debugging if configure makes a mistake.

It was created by logToThreadscope configure 0.1, which was
generated by GNU Autoconf 2.68.  Invocation command line was

  $ ./configure 

## --------- ##
## Platform. ##
## --------- ##

hostname = vjanjc-SD36V10
uname -m = x86_64
uname -r = 3.2.0-31-generic
uname -s = Linux
uname -v = #50-Ubuntu SMP Fri Sep 7 16:16:45 UTC 2012

/usr/bin/uname -p = unknown
/bin/uname -X     = unknown

/bin/arch              = unknown
/usr/bin/arch -k       = unknown
/usr/convex/getsysinfo = unknown
/usr/bin/hostinfo      = unknown
/bin/machine           = unknown
/usr/bin/oslevel       = unknown
/bin/universe          = unknown

PATH: /usr/lib/lightdm/lightdm
PATH: /usr/local/sbin
PATH: /usr/local/bin
PATH: /usr/sbin
PATH: /usr/bin
PATH: /sbin
PATH: /bin
PATH: /usr/games


## ----------- ##
## Core tests. ##
## ----------- ##

configure:2281: checking for a BSD-compatible install
configure:2349: result: /usr/bin/install -c
configure:2360: checking whether build environment is sane
configure:2410: result: yes
configure:2551: checking for a thread-safe mkdir -p
configure:2590: result: /bin/mkdir -p
configure:2603: checking for gawk
configure:2633: result: no
configure:2603: checking for mawk
configure:2619: found /usr/bin/mawk
configure:2630: result: mawk
configure:2641: checking whether make sets $(MAKE)
configure:2663: result: yes
configure:2796: checking for gcc
configure:2812: found /usr/bin/gcc
configure:2823: result: gcc
configure:3052: checking for C compiler version
configure:3061: gcc --version >&5
gcc (Ubuntu/Linaro 4.6.3-1ubuntu5) 4.6.3
Copyright (C) 2011 Free Software Foundation, Inc.
This is free software; see the source for copying conditions.  There is NO
warranty; not even for MERCHANTABILITY or FITNESS FOR A PARTICULAR PURPOSE.

configure:3072: $? = 0
configure:3061: gcc -v >&5
Using built-in specs.
COLLECT_GCC=gcc
COLLECT_LTO_WRAPPER=/usr/lib/gcc/x86_64-linux-gnu/4.6/lto-wrapper
Target: x86_64-linux-gnu
Configured with: ../src/configure -v --with-pkgversion='Ubuntu/Linaro 4.6.3-1ubuntu5' --with-bugurl=file:///usr/share/doc/gcc-4.6/README.Bugs --enable-languages=c,c++,fortran,objc,obj-c++ --prefix=/usr --program-suffix=-4.6 --enable-shared --enable-linker-build-id --with-system-zlib --libexecdir=/usr/lib --without-included-gettext --enable-threads=posix --with-gxx-include-dir=/usr/include/c++/4.6 --libdir=/usr/lib --enable-nls --with-sysroot=/ --enable-clocale=gnu --enable-libstdcxx-debug --enable-libstdcxx-time=yes --enable-gnu-unique-object --enable-plugin --enable-objc-gc --disable-werror --with-arch-32=i686 --with-tune=generic --enable-checking=release --build=x86_64-linux-gnu --host=x86_64-linux-gnu --target=x86_64-linux-gnu
Thread model: posix
gcc version 4.6.3 (Ubuntu/Linaro 4.6.3-1ubuntu5) 
configure:3072: $? = 0
configure:3061: gcc -V >&5
gcc: error: unrecognized option '-V'
gcc: fatal error: no input files
compilation terminated.
configure:3072: $? = 4
configure:3061: gcc -qversion >&5
gcc: error: unrecognized option '-qversion'
gcc: fatal error: no input files
compilation terminated.
configure:3072: $? = 4
configure:3092: checking whether the C compiler works
configure:3114: gcc    conftest.c  >&5
configure:3118: $? = 0
configure:3166: result: yes
configure:3169: checking for C compiler default output file name
configure:3171: result: a.out
configure:3177: checking for suffix of executables
configure:3184: gcc -o conftest    conftest.c  >&5
configure:3188: $? = 0
configure:3210: result: 
configure:3232: checking whether we are cross compiling
configure:3240: gcc -o conftest    conftest.c  >&5
configure:3244: $? = 0
configure:3251: ./conftest
configure:3255: $? = 0
configure:3270: result: no
configure:3275: checking for suffix of object files
configure:3297: gcc -c   conftest.c >&5
configure:3301: $? = 0
configure:3322: result: o
configure:3326: checking whether we are using the GNU C compiler
configure:3345: gcc -c   conftest.c >&5
configure:3345: $? = 0
configure:3354: result: yes
configure:3363: checking whether gcc accepts -g
configure:3383: gcc -c -g  conftest.c >&5
configure:3383: $? = 0
configure:3424: result: yes
configure:3441: checking for gcc option to accept ISO C89
configure:3505: gcc  -c -g -O2  conftest.c >&5
configure:3505: $? = 0
configure:3518: result: none needed
configure:3549: checking for style of include used by make
configure:3577: result: GNU
configure:3603: checking dependency style of gcc
configure:3714: result: gcc3
configure:3737: checking how to run the C preprocessor
configure:3768: gcc -E  conftest.c
configure:3768: $? = 0
configure:3782: gcc -E  conftest.c
conftest.c:11:28: fatal error: ac_nonexistent.h: No such file or directory
compilation terminated.
configure:3782: $? = 1
configure: failed program was:
| /* confdefs.h */
| #define PACKAGE_NAME "logToThreadscope"
| #define PACKAGE_TARNAME "logtothreadscope"
| #define PACKAGE_VERSION "0.1"
| #define PACKAGE_STRING "logToThreadscope 0.1"
| #define PACKAGE_BUGREPORT "vj32@st-andrews.ac.uk"
| #define PACKAGE_URL ""
| #define PACKAGE "logtothreadscope"
| #define VERSION "0.1"
| /* end confdefs.h.  */
| #include <ac_nonexistent.h>
configure:3807: result: gcc -E
configure:3827: gcc -E  conftest.c
configure:3827: $? = 0
configure:3841: gcc -E  conftest.c
conftest.c:11:28: fatal error: ac_nonexistent.h: No such file or directory
compilation terminated.
configure:3841: $? = 1
configure: failed program was:
| /* confdefs.h */
| #define PACKAGE_NAME "logToThreadscope"
| #define PACKAGE_TARNAME "logtothreadscope"
| #define PACKAGE_VERSION "0.1"
| #define PACKAGE_STRING "logToThreadscope 0.1"
| #define PACKAGE_BUGREPORT "vj32@st-andrews.ac.uk"
| #define PACKAGE_URL ""
| #define PACKAGE "logtothreadscope"
| #define VERSION "0.1"
| /* end confdefs.h.  */
| #include <ac_nonexistent.h>
configure:3870: checking for grep that handles long lines and -e
configure:3928: result: /bin/grep
configure:3933: checking for egrep
configure:3995: result: /bin/grep -E
configure:4000: checking for ANSI C header files
configure:4020: gcc -c -g -O2  conftest.c >&5
configure:4020: $? = 0
configure:4093: gcc -o conftest -g -O2   conftest.c  >&5
configure:4093: $? = 0
configure:4093: ./conftest
configure:4093: $? = 0
configure:4104: result: yes
configure:4117: checking for sys/types.h
configure:4117: gcc -c -g -O2  conftest.c >&5
configure:4117: $? = 0
configure:4117: result: yes
configure:4117: checking for sys/stat.h
configure:4117: gcc -c -g -O2  conftest.c >&5
configure:4117: $? = 0
configure:4117: result: yes
configure:4117: checking for stdlib.h
configure:4117: gcc -c -g -O2  conftest.c >&5
configure:4117: $? = 0
configure:4117: result: yes
configure:4117: checking for string.h
configure:4117: gcc -c -g -O2  conftest.c >&5
configure:4117: $? = 0
configure:4117: result: yes
configure:4117: checking for memory.h
configure:4117: gcc -c -g -O2  conftest.c >&5
configure:4117: $? = 0
configure:4117: result: yes
configure:4117: checking for strings.h
configure:4117: gcc -c -g -O2  conftest.c >&5
configure:4117: $? = 0
configure:4117: result: yes
configure:4117: checking for inttypes.h
configure:4117: gcc -c -g -O2  conftest.c >&5
configure:4117: $? = 0
configure:4117: result: yes
configure:4117: checking for stdint.h
configure:4117: gcc -c -g -O2  conftest.c >&5
configure:4117: $? = 0
configure:4117: result: yes
configure:4117: checking for unistd.h
configure:4117: gcc -c -g -O2  conftest.c >&5
configure:4117: $? = 0
configure:4117: result: yes
configure:4133: checking size of void*
configure:4138: gcc -o conftest -g -O2   conftest.c  >&5
configure:4138: $? = 0
configure:4138: ./conftest
configure:4138: $? = 0
configure:4152: result: 8
configure:4166: checking size of long
configure:4171: gcc -o conftest -g -O2   conftest.c  >&5
configure:4171: $? = 0
configure:4171: ./conftest
configure:4171: $? = 0
configure:4185: result: 8
configure:4199: checking size of long long
configure:4204: gcc -o conftest -g -O2   conftest.c  >&5
configure:4204: $? = 0
configure:4204: ./conftest
configure:4204: $? = 0
configure:4218: result: 8
configure:4233: checking for stdlib.h
configure:4233: result: yes
configure:4233: checking for string.h
configure:4233: result: yes
configure:4245: checking for inline
configure:4261: gcc -c -g -O2  conftest.c >&5
configure:4261: $? = 0
configure:4269: result: inline
configure:4287: checking for size_t
configure:4287: gcc -c -g -O2  conftest.c >&5
configure:4287: $? = 0
configure:4287: gcc -c -g -O2  conftest.c >&5
conftest.c: In function 'main':
conftest.c:62:21: error: expected expression before ')' token
configure:4287: $? = 1
configure: failed program was:
| /* confdefs.h */
| #define PACKAGE_NAME "logToThreadscope"
| #define PACKAGE_TARNAME "logtothreadscope"
| #define PACKAGE_VERSION "0.1"
| #define PACKAGE_STRING "logToThreadscope 0.1"
| #define PACKAGE_BUGREPORT "vj32@st-andrews.ac.uk"
| #define PACKAGE_URL ""
| #define PACKAGE "logtothreadscope"
| #define VERSION "0.1"
| #define STDC_HEADERS 1
| #define HAVE_SYS_TYPES_H 1
| #define HAVE_SYS_STAT_H 1
| #define HAVE_STDLIB_H 1
| #define HAVE_STRING_H 1
| #define HAVE_MEMORY_H 1
| #define HAVE_STRINGS_H 1
| #define HAVE_INTTYPES_H 1
| #define HAVE_STDINT_H 1
| #define HAVE_UNISTD_H 1
| #define SIZEOF_VOIDP 8
| #define SIZEOF_LONG 8
| #define SIZEOF_LONG_LONG 8
| #define HAVE_STDLIB_H 1
| #define HAVE_STRING_H 1
| /* end confdefs.h.  */
| #include <stdio.h>
| #ifdef HAVE_SYS_TYPES_H
| # include <sys/types.h>
| #endif
| #ifdef HAVE_SYS_STAT_H
| # include <sys/stat.h>
| #endif
| #ifdef STDC_HEADERS
| # include <stdlib.h>
| # include <stddef.h>
| #else
| # ifdef HAVE_STDLIB_H
| #  include <stdlib.h>
| # endif
| #endif
| #ifdef HAVE_STRING_H
| # if !defined STDC_HEADERS && defined HAVE_MEMORY_H
| #  include <memory.h>
| # endif
| # include <string.h>
| #endif
| #ifdef HAVE_STRINGS_H
| # include <strings.h>
| #endif
| #ifdef HAVE_INTTYPES_H
| # include <inttypes.h>
| #endif
| #ifdef HAVE_STDINT_H
| # include <stdint.h>
| #endif
| #ifdef HAVE_UNISTD_H
| # include <unistd.h>
| #endif
| int
| main ()
| {
| if (sizeof ((size_t)))
| 	    return 0;
|   ;
|   return 0;
| }
configure:4287: result: yes
configure:4302: checking for stdlib.h
configure:4302: result: yes
configure:4312: checking for GNU libc compatible malloc
configure:4336: gcc -o conftest -g -O2   conftest.c  >&5
configure:4336: $? = 0
configure:4336: ./conftest
configure:4336: $? = 0
configure:4346: result: yes
configure:4431: checking dependency style of gcc
configure:4542: result: gcc3
configure:4703: creating ./config.status

## ---------------------- ##
## Running config.status. ##
## ---------------------- ##

This file was extended by logToThreadscope config.status 0.1, which was
generated by GNU Autoconf 2.68.  Invocation command line was

  CONFIG_FILES    = 
  CONFIG_HEADERS  = 
  CONFIG_LINKS    = 
  CONFIG_COMMANDS = 
  $ ./config.status 

on vjanjc-SD36V10

config.status:870: creating Makefile
config.status:870: creating src/Makefile
config.status:870: creating config.h
config.status:1051: config.h is unchanged
config.status:1099: executing depfiles commands

## ---------------- ##
## Cache variables. ##
## ---------------- ##

ac_cv_c_compiler_gnu=yes
ac_cv_c_inline=inline
ac_cv_env_CC_set=
ac_cv_env_CC_value=
ac_cv_env_CFLAGS_set=
ac_cv_env_CFLAGS_value=
ac_cv_env_CPPFLAGS_set=
ac_cv_env_CPPFLAGS_value=
ac_cv_env_CPP_set=
ac_cv_env_CPP_value=
ac_cv_env_LDFLAGS_set=
ac_cv_env_LDFLAGS_value=
ac_cv_env_LIBS_set=
ac_cv_env_LIBS_value=
ac_cv_env_build_alias_set=
ac_cv_env_build_alias_value=
ac_cv_env_host_alias_set=
ac_cv_env_host_alias_value=
ac_cv_env_target_alias_set=
ac_cv_env_target_alias_value=
ac_cv_func_malloc_0_nonnull=yes
ac_cv_header_inttypes_h=yes
ac_cv_header_memory_h=yes
ac_cv_header_stdc=yes
ac_cv_header_stdint_h=yes
ac_cv_header_stdlib_h=yes
ac_cv_header_string_h=yes
ac_cv_header_strings_h=yes
ac_cv_header_sys_stat_h=yes
ac_cv_header_sys_types_h=yes
ac_cv_header_unistd_h=yes
ac_cv_objext=o
ac_cv_path_EGREP='/bin/grep -E'
ac_cv_path_GREP=/bin/grep
ac_cv_path_install='/usr/bin/install -c'
ac_cv_path_mkdir=/bin/mkdir
ac_cv_prog_AWK=mawk
ac_cv_prog_CPP='gcc -E'
ac_cv_prog_ac_ct_CC=gcc
ac_cv_prog_cc_c89=
ac_cv_prog_cc_g=yes
ac_cv_prog_make_make_set=yes
ac_cv_sizeof_long=8
ac_cv_sizeof_long_long=8
ac_cv_sizeof_voidp=8
ac_cv_type_size_t=yes
am_cv_CC_dependencies_compiler_type=gcc3

## ----------------- ##
## Output variables. ##
## ----------------- ##

ACLOCAL='${SHELL} /home/vjanjc/st-andrews/hpcgap/logToThreadscope/missing --run aclocal-1.11'
AMDEPBACKSLASH='\'
AMDEP_FALSE='#'
AMDEP_TRUE=''
AMTAR='$${TAR-tar}'
AUTOCONF='${SHELL} /home/vjanjc/st-andrews/hpcgap/logToThreadscope/missing --run autoconf'
AUTOHEADER='${SHELL} /home/vjanjc/st-andrews/hpcgap/logToThreadscope/missing --run autoheader'
AUTOMAKE='${SHELL} /home/vjanjc/st-andrews/hpcgap/logToThreadscope/missing --run automake-1.11'
AWK='mawk'
CC='gcc'
CCDEPMODE='depmode=gcc3'
CFLAGS='-g -O2'
CPP='gcc -E'
CPPFLAGS=''
CYGPATH_W='echo'
DEFS='-DHAVE_CONFIG_H'
DEPDIR='.deps'
ECHO_C=''
ECHO_N='-n'
ECHO_T=''
EGREP='/bin/grep -E'
EXEEXT=''
GREP='/bin/grep'
INSTALL_DATA='${INSTALL} -m 644'
INSTALL_PROGRAM='${INSTALL}'
INSTALL_SCRIPT='${INSTALL}'
INSTALL_STRIP_PROGRAM='$(install_sh) -c -s'
LDFLAGS=''
LIBOBJS=''
LIBS=''
LTLIBOBJS=''
MAKEINFO='${SHELL} /home/vjanjc/st-andrews/hpcgap/logToThreadscope/missing --run makeinfo'
MKDIR_P='/bin/mkdir -p'
OBJEXT='o'
PACKAGE='logToThreadscope'
PACKAGE_BUGREPORT='vj32@st-andrews.ac.uk'
PACKAGE_NAME='logToThreadscope'
PACKAGE_STRING='logToThreadscope 0.1'
PACKAGE_TARNAME='logtothreadscope'
PACKAGE_URL=''
PACKAGE_VERSION='0.1'
PATH_SEPARATOR=':'
SET_MAKE=''
SHELL='/bin/bash'
STRIP=''
VERSION='0.1'
ac_ct_CC='gcc'
am__EXEEXT_FALSE=''
am__EXEEXT_TRUE='#'
am__fastdepCC_FALSE='#'
am__fastdepCC_TRUE=''
am__include='include'
am__isrc=''
am__leading_dot='.'
am__nodep='_no'
am__quote=''
am__tar='$${TAR-tar} chof - "$$tardir"'
am__untar='$${TAR-tar} xf -'
bindir='${exec_prefix}/bin'
build_alias=''
datadir='${datarootdir}'
datarootdir='${prefix}/share'
docdir='${datarootdir}/doc/${PACKAGE_TARNAME}'
dvidir='${docdir}'
exec_prefix='${prefix}'
host_alias=''
htmldir='${docdir}'
includedir='${prefix}/include'
infodir='${datarootdir}/info'
install_sh='${SHELL} /home/vjanjc/st-andrews/hpcgap/logToThreadscope/install-sh'
libdir='${exec_prefix}/lib'
libexecdir='${exec_prefix}/libexec'
localedir='${datarootdir}/locale'
localstatedir='${prefix}/var'
mandir='${datarootdir}/man'
mkdir_p='/bin/mkdir -p'
oldincludedir='/usr/include'
pdfdir='${docdir}'
prefix='/usr/local'
program_transform_name='s,x,x,'
psdir='${docdir}'
sbindir='${exec_prefix}/sbin'
sharedstatedir='${prefix}/com'
sysconfdir='${prefix}/etc'
target_alias=''

## ----------- ##
## confdefs.h. ##
## ----------- ##

/* confdefs.h */
#define PACKAGE_NAME "logToThreadscope"
#define PACKAGE_TARNAME "logtothreadscope"
#define PACKAGE_VERSION "0.1"
#define PACKAGE_STRING "logToThreadscope 0.1"
#define PACKAGE_BUGREPORT "vj32@st-andrews.ac.uk"
#define PACKAGE_URL ""
#define PACKAGE "logtothreadscope"
#define VERSION "0.1"
#define STDC_HEADERS 1
#define HAVE_SYS_TYPES_H 1
#define HAVE_SYS_STAT_H 1
#define HAVE_STDLIB_H 1
#define HAVE_STRING_H 1
#define HAVE_MEMORY_H 1
#define HAVE_STRINGS_H 1
#define HAVE_INTTYPES_H 1
#define HAVE_STDINT_H 1
#define HAVE_UNISTD_H 1
#define SIZEOF_VOIDP 8
#define SIZEOF_LONG 8
#define SIZEOF_LONG_LONG 8
#define HAVE_STDLIB_H 1
#define HAVE_STRING_H 1
#define HAVE_STDLIB_H 1
#define HAVE_MALLOC 1
#define PACKAGE "logToThreadscope"
#define VERSION "0.1"

configure: exit 0
