This file contains any messages produced by compilers while
running configure, to aid debugging if configure makes a mistake.

It was created by configure, which was
generated by GNU Autoconf 2.65.  Invocation command line was

  $ ./configure --with-gap=/usr/local/src/gap4r5

## --------- ##
## Platform. ##
## --------- ##

hostname = delllinux
uname -m = i686
uname -r = 2.6.37-020637-generic
uname -s = Linux
uname -v = #201101050908 SMP Wed Jan 5 10:17:13 UTC 2011

/usr/bin/uname -p = unknown
/bin/uname -X     = unknown

/bin/arch              = unknown
/usr/bin/arch -k       = unknown
/usr/convex/getsysinfo = unknown
/usr/bin/hostinfo      = unknown
/bin/machine           = unknown
/usr/bin/oslevel       = unknown
/bin/universe          = unknown

PATH: /usr/local/home/laurent/.../bin
PATH: /usr/local/sbin
PATH: /usr/local/bin
PATH: /usr/sbin
PATH: /usr/bin
PATH: /sbin
PATH: /bin
PATH: /usr/games


## ----------- ##
## Core tests. ##
## ----------- ##

configure:2076: checking for gcc
configure:2092: found /usr/bin/gcc
configure:2103: result: gcc
configure:2332: checking for C compiler version
configure:2341: gcc --version >&5
gcc (Ubuntu 4.4.3-4ubuntu5) 4.4.3
Copyright (C) 2009 Free Software Foundation, Inc.
This is free software; see the source for copying conditions.  There is NO
warranty; not even for MERCHANTABILITY or FITNESS FOR A PARTICULAR PURPOSE.

configure:2352: $? = 0
configure:2341: gcc -v >&5
Using built-in specs.
Target: i486-linux-gnu
Configured with: ../src/configure -v --with-pkgversion='Ubuntu 4.4.3-4ubuntu5' --with-bugurl=file:///usr/share/doc/gcc-4.4/README.Bugs --enable-languages=c,c++,fortran,objc,obj-c++ --prefix=/usr --enable-shared --enable-multiarch --enable-linker-build-id --with-system-zlib --libexecdir=/usr/lib --without-included-gettext --enable-threads=posix --with-gxx-include-dir=/usr/include/c++/4.4 --program-suffix=-4.4 --enable-nls --enable-clocale=gnu --enable-libstdcxx-debug --enable-plugin --enable-objc-gc --enable-targets=all --disable-werror --with-arch-32=i486 --with-tune=generic --enable-checking=release --build=i486-linux-gnu --host=i486-linux-gnu --target=i486-linux-gnu
Thread model: posix
gcc version 4.4.3 (Ubuntu 4.4.3-4ubuntu5) 
configure:2352: $? = 0
configure:2341: gcc -V >&5
gcc: '-V' option must have argument
configure:2352: $? = 1
configure:2341: gcc -qversion >&5
gcc: unrecognized option '-qversion'
gcc: no input files
configure:2352: $? = 1
configure:2372: checking whether the C compiler works
configure:2394: gcc    conftest.c  >&5
configure:2398: $? = 0
configure:2447: result: yes
configure:2450: checking for C compiler default output file name
configure:2452: result: a.out
configure:2458: checking for suffix of executables
configure:2465: gcc -o conftest    conftest.c  >&5
configure:2469: $? = 0
configure:2491: result: 
configure:2513: checking whether we are cross compiling
configure:2521: gcc -o conftest    conftest.c  >&5
configure:2525: $? = 0
configure:2532: ./conftest
configure:2536: $? = 0
configure:2551: result: no
configure:2556: checking for suffix of object files
configure:2578: gcc -c   conftest.c >&5
configure:2582: $? = 0
configure:2603: result: o
configure:2607: checking whether we are using the GNU C compiler
configure:2626: gcc -c   conftest.c >&5
configure:2626: $? = 0
configure:2635: result: yes
configure:2644: checking whether gcc accepts -g
configure:2664: gcc -c -g  conftest.c >&5
configure:2664: $? = 0
configure:2705: result: yes
configure:2722: checking for gcc option to accept ISO C89
configure:2786: gcc  -c -g -O2  conftest.c >&5
configure:2786: $? = 0
configure:2799: result: none needed
configure:2822: checking whether gcc accepts -fno-stack-protector
configure:2840: gcc -o conftest -g -O2 -fno-stack-protector   conftest.c  >&5
configure:2840: $? = 0
configure:2849: result: yes
configure:2856: checking for gsl_multiroot_fsolver_set in -lgsl
configure:2881: gcc -o conftest -g -O2 -fno-stack-protector   conftest.c -lgsl -lgslcblas  >&5
configure:2881: $? = 0
configure:2890: result: yes
configure:2904: checking for cblas_ctrmv in -lgslcblas
configure:2929: gcc -o conftest -g -O2 -fno-stack-protector   conftest.c -lgslcblas  -lgsl  >&5
configure:2929: $? = 0
configure:2938: result: yes
configure:2958: checking how to run the C preprocessor
configure:2989: gcc -E  conftest.c
configure:2989: $? = 0
configure:3003: gcc -E  conftest.c
conftest.c:11:28: error: ac_nonexistent.h: No such file or directory
configure:3003: $? = 1
configure: failed program was:
| /* confdefs.h */
| #define PACKAGE_NAME ""
| #define PACKAGE_TARNAME ""
| #define PACKAGE_VERSION ""
| #define PACKAGE_STRING ""
| #define PACKAGE_BUGREPORT ""
| #define PACKAGE_URL ""
| #define HAVE_LIBGSL 1
| #define HAVE_LIBGSLCBLAS 1
| /* end confdefs.h.  */
| #include <ac_nonexistent.h>
configure:3028: result: gcc -E
configure:3048: gcc -E  conftest.c
configure:3048: $? = 0
configure:3062: gcc -E  conftest.c
conftest.c:11:28: error: ac_nonexistent.h: No such file or directory
configure:3062: $? = 1
configure: failed program was:
| /* confdefs.h */
| #define PACKAGE_NAME ""
| #define PACKAGE_TARNAME ""
| #define PACKAGE_VERSION ""
| #define PACKAGE_STRING ""
| #define PACKAGE_BUGREPORT ""
| #define PACKAGE_URL ""
| #define HAVE_LIBGSL 1
| #define HAVE_LIBGSLCBLAS 1
| /* end confdefs.h.  */
| #include <ac_nonexistent.h>
configure:3091: checking for grep that handles long lines and -e
configure:3149: result: /bin/grep
configure:3154: checking for egrep
configure:3216: result: /bin/grep -E
configure:3221: checking for ANSI C header files
configure:3241: gcc -c -g -O2 -fno-stack-protector  conftest.c >&5
configure:3241: $? = 0
configure:3314: gcc -o conftest -g -O2 -fno-stack-protector   conftest.c -lgslcblas -lgsl  >&5
configure:3314: $? = 0
configure:3314: ./conftest
configure:3314: $? = 0
configure:3325: result: yes
configure:3338: checking for sys/types.h
configure:3338: gcc -c -g -O2 -fno-stack-protector  conftest.c >&5
configure:3338: $? = 0
configure:3338: result: yes
configure:3338: checking for sys/stat.h
configure:3338: gcc -c -g -O2 -fno-stack-protector  conftest.c >&5
configure:3338: $? = 0
configure:3338: result: yes
configure:3338: checking for stdlib.h
configure:3338: gcc -c -g -O2 -fno-stack-protector  conftest.c >&5
configure:3338: $? = 0
configure:3338: result: yes
configure:3338: checking for string.h
configure:3338: gcc -c -g -O2 -fno-stack-protector  conftest.c >&5
configure:3338: $? = 0
configure:3338: result: yes
configure:3338: checking for memory.h
configure:3338: gcc -c -g -O2 -fno-stack-protector  conftest.c >&5
configure:3338: $? = 0
configure:3338: result: yes
configure:3338: checking for strings.h
configure:3338: gcc -c -g -O2 -fno-stack-protector  conftest.c >&5
configure:3338: $? = 0
configure:3338: result: yes
configure:3338: checking for inttypes.h
configure:3338: gcc -c -g -O2 -fno-stack-protector  conftest.c >&5
configure:3338: $? = 0
configure:3338: result: yes
configure:3338: checking for stdint.h
configure:3338: gcc -c -g -O2 -fno-stack-protector  conftest.c >&5
configure:3338: $? = 0
configure:3338: result: yes
configure:3338: checking for unistd.h
configure:3338: gcc -c -g -O2 -fno-stack-protector  conftest.c >&5
configure:3338: $? = 0
configure:3338: result: yes
configure:3354: checking float.h usability
configure:3354: gcc -c -g -O2 -fno-stack-protector  conftest.c >&5
configure:3354: $? = 0
configure:3354: result: yes
configure:3354: checking float.h presence
configure:3354: gcc -E  conftest.c
configure:3354: $? = 0
configure:3354: result: yes
configure:3354: checking for float.h
configure:3354: result: yes
configure:3354: checking for stdlib.h
configure:3354: result: yes
configure:3367: checking for an ANSI C-conforming const
configure:3432: gcc -c -g -O2 -fno-stack-protector  conftest.c >&5
configure:3432: $? = 0
configure:3439: result: yes
configure:3447: checking for inline
configure:3463: gcc -c -g -O2 -fno-stack-protector  conftest.c >&5
configure:3463: $? = 0
configure:3471: result: inline
configure:3538: checking for dot
configure:3556: found /usr/bin/dot
configure:3568: result: /usr/bin/dot
configure:3587: checking for display
configure:3605: found /usr/bin/display
configure:3617: result: /usr/bin/display
configure:3633: checking for appletviewer
configure:3651: found /usr/bin/appletviewer
configure:3663: result: /usr/bin/appletviewer
configure:3681: checking for gfortran
configure:3697: found /usr/bin/gfortran
configure:3708: result: gfortran

## ---------------- ##
## Cache variables. ##
## ---------------- ##

ac_cv_c_compiler_gnu=yes
ac_cv_c_const=yes
ac_cv_c_inline=inline
ac_cv_env_CC_set=
ac_cv_env_CC_value=
ac_cv_env_CFLAGS_set=
ac_cv_env_CFLAGS_value=
ac_cv_env_CPPFLAGS_set=
ac_cv_env_CPPFLAGS_value=
ac_cv_env_CPP_set=
ac_cv_env_CPP_value=
ac_cv_env_LDFLAGS_set=
ac_cv_env_LDFLAGS_value=
ac_cv_env_LIBS_set=
ac_cv_env_LIBS_value=
ac_cv_env_build_alias_set=
ac_cv_env_build_alias_value=
ac_cv_env_host_alias_set=
ac_cv_env_host_alias_value=
ac_cv_env_target_alias_set=
ac_cv_env_target_alias_value=
ac_cv_header_float_h=yes
ac_cv_header_inttypes_h=yes
ac_cv_header_memory_h=yes
ac_cv_header_stdc=yes
ac_cv_header_stdint_h=yes
ac_cv_header_stdlib_h=yes
ac_cv_header_string_h=yes
ac_cv_header_strings_h=yes
ac_cv_header_sys_stat_h=yes
ac_cv_header_sys_types_h=yes
ac_cv_header_unistd_h=yes
ac_cv_lib_gsl_gsl_multiroot_fsolver_set=yes
ac_cv_lib_gslcblas_cblas_ctrmv=yes
ac_cv_objext=o
ac_cv_path_APPLETVIEWER=/usr/bin/appletviewer
ac_cv_path_DISP=/usr/bin/display
ac_cv_path_DOT=/usr/bin/dot
ac_cv_path_EGREP='/bin/grep -E'
ac_cv_path_GREP=/bin/grep
ac_cv_prog_CPP='gcc -E'
ac_cv_prog_FORTRAN=gfortran
ac_cv_prog_ac_ct_CC=gcc
ac_cv_prog_cc_c89=
ac_cv_prog_cc_g=yes
ns_cv_cc__nostackprotector=yes

## ----------------- ##
## Output variables. ##
## ----------------- ##

APPLETVIEWER='/usr/bin/appletviewer'
CC='gcc'
CFLAGS='-g -O2 -fno-stack-protector'
CPP='gcc -E'
CPPFLAGS=''
DEFS=''
DISP='/usr/bin/display'
DOT='/usr/bin/dot'
ECHO_C=''
ECHO_N='-n'
ECHO_T=''
EGREP='/bin/grep -E'
EXEEXT=''
FOBJ=''
FORTRAN='gfortran'
GAPDIR='/usr/local/src/gap4r5'
GAPPROG='/usr/local/src/gap4r5/bin/gap.sh'
GREP='/bin/grep'
JAVABUILD=''
JAVAC=''
LDFLAGS=''
LIBGSL=''
LIBOBJS=''
LIBS='-lgslcblas -lgsl '
LTLIBOBJS=''
MACFLOAT_H='/usr/local/src/gap4r5/src/macfloat.h'
OBJEXT='o'
PACKAGE_BUGREPORT=''
PACKAGE_NAME=''
PACKAGE_STRING=''
PACKAGE_TARNAME=''
PACKAGE_URL=''
PACKAGE_VERSION=''
PATH_SEPARATOR=':'
SHARED=''
SHELL='/bin/bash'
TARGET='i686-pc-linux-gnu-gcc/32-bit'
ac_ct_CC='gcc'
bindir='${exec_prefix}/bin'
build_alias=''
datadir='${datarootdir}'
datarootdir='${prefix}/share'
docdir='${datarootdir}/doc/${PACKAGE}'
dvidir='${docdir}'
exec_prefix='NONE'
host_alias=''
htmldir='${docdir}'
includedir='${prefix}/include'
infodir='${datarootdir}/info'
libdir='${exec_prefix}/lib'
libexecdir='${exec_prefix}/libexec'
localedir='${datarootdir}/locale'
localstatedir='${prefix}/var'
mandir='${datarootdir}/man'
oldincludedir='/usr/include'
pdfdir='${docdir}'
prefix='NONE'
program_transform_name='s,x,x,'
psdir='${docdir}'
sbindir='${exec_prefix}/sbin'
sharedstatedir='${prefix}/com'
sysconfdir='${prefix}/etc'
target_alias=''

## ----------- ##
## confdefs.h. ##
## ----------- ##

/* confdefs.h */
#define PACKAGE_NAME ""
#define PACKAGE_TARNAME ""
#define PACKAGE_VERSION ""
#define PACKAGE_STRING ""
#define PACKAGE_BUGREPORT ""
#define PACKAGE_URL ""
#define HAVE_LIBGSL 1
#define HAVE_LIBGSLCBLAS 1
#define STDC_HEADERS 1
#define HAVE_SYS_TYPES_H 1
#define HAVE_SYS_STAT_H 1
#define HAVE_STDLIB_H 1
#define HAVE_STRING_H 1
#define HAVE_MEMORY_H 1
#define HAVE_STRINGS_H 1
#define HAVE_INTTYPES_H 1
#define HAVE_STDINT_H 1
#define HAVE_UNISTD_H 1
#define HAVE_FLOAT_H 1
#define HAVE_STDLIB_H 1

configure: exit 2
