This file contains any messages produced by compilers while
running configure, to aid debugging if configure makes a mistake.

It was created by IOPKG configure 4.0, which was
generated by GNU Autoconf 2.68.  Invocation command line was

  $ ./configure 

## --------- ##
## Platform. ##
## --------- ##

hostname = dyn-207-98.cs.st-andrews.ac.uk
uname -m = i386
uname -r = 10.8.0
uname -s = Darwin
uname -v = Darwin Kernel Version 10.8.0: Tue Jun  7 16:33:36 PDT 2011; root:xnu-1504.15.3~1/RELEASE_I386

/usr/bin/uname -p = i386
/bin/uname -X     = unknown

/bin/arch              = unknown
/usr/bin/arch -k       = unknown
/usr/convex/getsysinfo = unknown
/usr/bin/hostinfo      = Mach kernel version:
	 Darwin Kernel Version 10.8.0: Tue Jun  7 16:33:36 PDT 2011; root:xnu-1504.15.3~1/RELEASE_I386
Kernel configured for up to 4 processors.
2 processors are physically available.
4 processors are logically available.
Processor type: i486 (Intel 80486)
Processors active: 0 1 2 3
Primary memory available: 8.00 gigabytes
Default processor set: 135 tasks, 610 threads, 4 processors
Load average: 0.69, Mach factor: 3.31
/bin/machine           = unknown
/usr/bin/oslevel       = unknown
/bin/universe          = unknown

PATH: /opt/local/bin
PATH: /opt/local/sbin
PATH: /opt/local/bin
PATH: /opt/local/sbin
PATH: /usr/local/mpich2-1.4.1p1/bin
PATH: /Users/vladimirjanjic/st-andrews/research/simulator/build/bin
PATH: /usr/local/git/bin
PATH: /Users/vladimirjanjic/opt/bin
PATH: /bin
PATH: /sbin
PATH: /usr/bin
PATH: /usr/sbin
PATH: /usr/local/bin
PATH: /usr/texbin


## ----------- ##
## Core tests. ##
## ----------- ##

configure:2546: checking for a BSD-compatible install
configure:2614: result: /opt/local/bin/ginstall -c
configure:2625: checking whether build environment is sane
configure:2675: result: yes
configure:2816: checking for a thread-safe mkdir -p
configure:2855: result: /opt/local/bin/gmkdir -p
configure:2868: checking for gawk
configure:2898: result: no
configure:2868: checking for mawk
configure:2898: result: no
configure:2868: checking for nawk
configure:2898: result: no
configure:2868: checking for awk
configure:2884: found /usr/bin/awk
configure:2895: result: awk
configure:2906: checking whether make sets $(MAKE)
configure:2928: result: yes
configure:3009: checking whether to enable maintainer-specific portions of Makefiles
configure:3018: result: no
configure:3060: checking build system type
configure:3074: result: x86_64-apple-darwin10.8.0
configure:3094: checking host system type
configure:3107: result: x86_64-apple-darwin10.8.0
configure:3148: checking how to print strings
configure:3175: result: printf
configure:3208: checking for style of include used by make
configure:3236: result: GNU
configure:3307: checking for gcc
configure:3323: found /usr/bin/gcc
configure:3334: result: gcc
configure:3563: checking for C compiler version
configure:3572: gcc --version >&5
i686-apple-darwin10-gcc-4.2.1 (GCC) 4.2.1 (Apple Inc. build 5666) (dot 3)
Copyright (C) 2007 Free Software Foundation, Inc.
This is free software; see the source for copying conditions.  There is NO
warranty; not even for MERCHANTABILITY or FITNESS FOR A PARTICULAR PURPOSE.

configure:3583: $? = 0
configure:3572: gcc -v >&5
Using built-in specs.
Target: i686-apple-darwin10
Configured with: /var/tmp/gcc/gcc-5666.3~6/src/configure --disable-checking --enable-werror --prefix=/usr --mandir=/share/man --enable-languages=c,objc,c++,obj-c++ --program-transform-name=/^[cg][^.-]*$/s/$/-4.2/ --with-slibdir=/usr/lib --build=i686-apple-darwin10 --program-prefix=i686-apple-darwin10- --host=x86_64-apple-darwin10 --target=i686-apple-darwin10 --with-gxx-include-dir=/include/c++/4.2.1
Thread model: posix
gcc version 4.2.1 (Apple Inc. build 5666) (dot 3)
configure:3583: $? = 0
configure:3572: gcc -V >&5
gcc-4.2: argument to `-V' is missing
configure:3583: $? = 1
configure:3572: gcc -qversion >&5
i686-apple-darwin10-gcc-4.2.1: no input files
configure:3583: $? = 1
configure:3603: checking whether the C compiler works
configure:3625: gcc    conftest.c  >&5
configure:3629: $? = 0
configure:3677: result: yes
configure:3680: checking for C compiler default output file name
configure:3682: result: a.out
configure:3688: checking for suffix of executables
configure:3695: gcc -o conftest    conftest.c  >&5
configure:3699: $? = 0
configure:3721: result: 
configure:3743: checking whether we are cross compiling
configure:3751: gcc -o conftest    conftest.c  >&5
configure:3755: $? = 0
configure:3762: ./conftest
configure:3766: $? = 0
configure:3781: result: no
configure:3786: checking for suffix of object files
configure:3808: gcc -c   conftest.c >&5
configure:3812: $? = 0
configure:3833: result: o
configure:3837: checking whether we are using the GNU C compiler
configure:3856: gcc -c   conftest.c >&5
configure:3856: $? = 0
configure:3865: result: yes
configure:3874: checking whether gcc accepts -g
configure:3894: gcc -c -g  conftest.c >&5
configure:3894: $? = 0
configure:3935: result: yes
configure:3952: checking for gcc option to accept ISO C89
configure:4016: gcc  -c -g -O2  conftest.c >&5
configure:4016: $? = 0
configure:4029: result: none needed
configure:4051: checking dependency style of gcc
configure:4162: result: gcc3
configure:4177: checking for a sed that does not truncate output
configure:4241: result: /usr/bin/sed
configure:4259: checking for grep that handles long lines and -e
configure:4317: result: /usr/bin/grep
configure:4322: checking for egrep
configure:4384: result: /usr/bin/grep -E
configure:4389: checking for fgrep
configure:4451: result: /usr/bin/grep -F
configure:4486: checking for ld used by gcc
configure:4553: result: /usr/libexec/gcc/i686-apple-darwin10/4.2.1/ld
configure:4560: checking if the linker (/usr/libexec/gcc/i686-apple-darwin10/4.2.1/ld) is GNU ld
configure:4575: result: no
configure:4587: checking for BSD- or MS-compatible name lister (nm)
configure:4636: result: /opt/local/bin/nm
configure:4766: checking the name lister (/opt/local/bin/nm) interface
configure:4773: gcc -c -g -O2  conftest.c >&5
configure:4776: /opt/local/bin/nm "conftest.o"
configure:4779: output
00000000000001a8 D _some_variable
configure:4786: result: BSD nm
configure:4789: checking whether ln -s works
configure:4793: result: yes
configure:4801: checking the maximum length of command line arguments
configure:4931: result: 196608
configure:4948: checking whether the shell understands some XSI constructs
configure:4958: result: yes
configure:4962: checking whether the shell understands "+="
configure:4968: result: yes
configure:5003: checking how to convert x86_64-apple-darwin10.8.0 file names to x86_64-apple-darwin10.8.0 format
configure:5043: result: func_convert_file_noop
configure:5050: checking how to convert x86_64-apple-darwin10.8.0 file names to toolchain format
configure:5070: result: func_convert_file_noop
configure:5077: checking for /usr/libexec/gcc/i686-apple-darwin10/4.2.1/ld option to reload object files
configure:5084: result: -r
configure:5158: checking for objdump
configure:5188: result: no
configure:5214: checking how to recognize dependent libraries
configure:5416: result: pass_all
configure:5501: checking for dlltool
configure:5531: result: no
configure:5558: checking how to associate runtime and link libraries
configure:5585: result: printf %s\n
configure:5646: checking for ar
configure:5662: found /opt/local/bin/ar
configure:5673: result: ar
configure:5710: checking for archiver @FILE support
configure:5727: gcc -c -g -O2  conftest.c >&5
configure:5727: $? = 0
configure:5730: ar cru libconftest.a @conftest.lst >&5
ar: @conftest.lst: No such file or directory
configure:5733: $? = 1
configure:5753: result: no
configure:5811: checking for strip
configure:5827: found /opt/local/bin/strip
configure:5838: result: strip
configure:5910: checking for ranlib
configure:5926: found /opt/local/bin/ranlib
configure:5937: result: ranlib
configure:6039: checking command to parse /opt/local/bin/nm output from gcc object
configure:6159: gcc -c -g -O2  conftest.c >&5
configure:6162: $? = 0
configure:6166: /opt/local/bin/nm conftest.o \| sed -n -e 's/^.*[ ]\([BCDEGRST][BCDEGRST]*\)[ ][ ]*\([_A-Za-z][_A-Za-z0-9]*\)$/\1 \2 \2/p' | sed '/ __gnu_lto/d' \> conftest.nm
configure:6169: $? = 0
cannot find nm_test_var in conftest.nm
configure:6159: gcc -c -g -O2  conftest.c >&5
configure:6162: $? = 0
configure:6166: /opt/local/bin/nm conftest.o \| sed -n -e 's/^.*[ ]\([BCDEGRST][BCDEGRST]*\)[ ][ ]*_\([_A-Za-z][_A-Za-z0-9]*\)$/\1 _\2 \2/p' | sed '/ __gnu_lto/d' \> conftest.nm
configure:6169: $? = 0
configure:6235: gcc -o conftest -g -O2   conftest.c conftstm.o >&5
configure:6238: $? = 0
configure:6276: result: ok
configure:6313: checking for sysroot
configure:6343: result: no
configure:6599: checking for mt
configure:6629: result: no
configure:6649: checking if : is a manifest tool
configure:6655: : '-?'
configure:6663: result: no
configure:6719: checking for dsymutil
configure:6735: found /usr/bin/dsymutil
configure:6746: result: dsymutil
configure:6811: checking for nmedit
configure:6827: found /opt/local/bin/nmedit
configure:6838: result: nmedit
configure:6903: checking for lipo
configure:6919: found /opt/local/bin/lipo
configure:6930: result: lipo
configure:6995: checking for otool
configure:7011: found /opt/local/bin/otool
configure:7022: result: otool
configure:7087: checking for otool64
configure:7117: result: no
configure:7162: checking for -single_module linker flag
gcc -g -O2  -o libconftest.dylib -dynamiclib -Wl,-single_module conftest.c
configure:7195: result: yes
configure:7198: checking for -exported_symbols_list linker flag
configure:7218: gcc -o conftest -g -O2   -Wl,-exported_symbols_list,conftest.sym conftest.c  >&5
configure:7218: $? = 0
configure:7228: result: yes
configure:7231: checking for -force_load linker flag
gcc -g -O2 -c -o conftest.o conftest.c
ar cru libconftest.a conftest.o
ranlib libconftest.a
gcc -g -O2  -o conftest conftest.c -Wl,-force_load,./libconftest.a
configure:7263: result: yes
configure:7305: checking how to run the C preprocessor
configure:7336: gcc -E  conftest.c
configure:7336: $? = 0
configure:7350: gcc -E  conftest.c
conftest.c:11:28: error: ac_nonexistent.h: No such file or directory
configure:7350: $? = 1
configure: failed program was:
| /* confdefs.h */
| #define PACKAGE_NAME "IOPKG"
| #define PACKAGE_TARNAME "iopkg"
| #define PACKAGE_VERSION "4.0"
| #define PACKAGE_STRING "IOPKG 4.0"
| #define PACKAGE_BUGREPORT "neunhoef@mcs.st-and.ac.uk"
| #define PACKAGE_URL ""
| #define PACKAGE "iopkg"
| #define VERSION "4.0"
| /* end confdefs.h.  */
| #include <ac_nonexistent.h>
configure:7375: result: gcc -E
configure:7395: gcc -E  conftest.c
configure:7395: $? = 0
configure:7409: gcc -E  conftest.c
conftest.c:11:28: error: ac_nonexistent.h: No such file or directory
configure:7409: $? = 1
configure: failed program was:
| /* confdefs.h */
| #define PACKAGE_NAME "IOPKG"
| #define PACKAGE_TARNAME "iopkg"
| #define PACKAGE_VERSION "4.0"
| #define PACKAGE_STRING "IOPKG 4.0"
| #define PACKAGE_BUGREPORT "neunhoef@mcs.st-and.ac.uk"
| #define PACKAGE_URL ""
| #define PACKAGE "iopkg"
| #define VERSION "4.0"
| /* end confdefs.h.  */
| #include <ac_nonexistent.h>
configure:7438: checking for ANSI C header files
configure:7458: gcc -c -g -O2  conftest.c >&5
configure:7458: $? = 0
configure:7531: gcc -o conftest -g -O2   conftest.c  >&5
configure:7531: $? = 0
configure:7531: ./conftest
configure:7531: $? = 0
configure:7542: result: yes
configure:7555: checking for sys/types.h
configure:7555: gcc -c -g -O2  conftest.c >&5
configure:7555: $? = 0
configure:7555: result: yes
configure:7555: checking for sys/stat.h
configure:7555: gcc -c -g -O2  conftest.c >&5
configure:7555: $? = 0
configure:7555: result: yes
configure:7555: checking for stdlib.h
configure:7555: gcc -c -g -O2  conftest.c >&5
configure:7555: $? = 0
configure:7555: result: yes
configure:7555: checking for string.h
configure:7555: gcc -c -g -O2  conftest.c >&5
configure:7555: $? = 0
configure:7555: result: yes
configure:7555: checking for memory.h
configure:7555: gcc -c -g -O2  conftest.c >&5
configure:7555: $? = 0
configure:7555: result: yes
configure:7555: checking for strings.h
configure:7555: gcc -c -g -O2  conftest.c >&5
configure:7555: $? = 0
configure:7555: result: yes
configure:7555: checking for inttypes.h
configure:7555: gcc -c -g -O2  conftest.c >&5
configure:7555: $? = 0
configure:7555: result: yes
configure:7555: checking for stdint.h
configure:7555: gcc -c -g -O2  conftest.c >&5
configure:7555: $? = 0
configure:7555: result: yes
configure:7555: checking for unistd.h
configure:7555: gcc -c -g -O2  conftest.c >&5
configure:7555: $? = 0
configure:7555: result: yes
configure:7569: checking for dlfcn.h
configure:7569: gcc -c -g -O2  conftest.c >&5
configure:7569: $? = 0
configure:7569: result: yes
configure:8071: checking for objdir
configure:8086: result: .libs
configure:8357: checking if gcc supports -fno-rtti -fno-exceptions
configure:8375: gcc -c -g -O2  -fno-rtti -fno-exceptions conftest.c >&5
cc1: warning: command line option "-fno-rtti" is valid for C++/ObjC++ but not for C
configure:8379: $? = 0
configure:8392: result: no
configure:8719: checking for gcc option to produce PIC
configure:8726: result: -fno-common -DPIC
configure:8734: checking if gcc PIC flag -fno-common -DPIC works
configure:8752: gcc -c -g -O2  -fno-common -DPIC -DPIC conftest.c >&5
configure:8756: $? = 0
configure:8769: result: yes
configure:8798: checking if gcc static flag -static works
configure:8826: result: no
configure:8841: checking if gcc supports -c -o file.o
configure:8862: gcc -c -g -O2  -o out/conftest2.o conftest.c >&5
configure:8866: $? = 0
configure:8888: result: yes
configure:8896: checking if gcc supports -c -o file.o
configure:8943: result: yes
configure:8976: checking whether the gcc linker (/usr/libexec/gcc/i686-apple-darwin10/4.2.1/ld) supports shared libraries
configure:10129: result: yes
configure:10369: checking dynamic linker characteristics
configure:11102: result: darwin10.8.0 dyld
configure:11209: checking how to hardcode library paths into programs
configure:11234: result: immediate
configure:11279: checking for dlopen in -ldl
configure:11304: gcc -o conftest -g -O2   conftest.c -ldl   >&5
configure:11304: $? = 0
configure:11313: result: yes
configure:11528: checking whether a program can dlopen itself
configure:11608: gcc -o conftest -g -O2  -DHAVE_DLFCN_H   conftest.c -ldl  >&5
configure:11611: $? = 0
configure:11629: result: yes
configure:11634: checking whether a statically linked program can dlopen itself
configure:11714: gcc -o conftest -g -O2  -DHAVE_DLFCN_H    conftest.c -ldl  >&5
configure:11717: $? = 0
configure:11735: result: yes
configure:11774: checking whether stripping libraries is possible
configure:11788: result: yes
configure:11814: checking if libtool supports shared libraries
configure:11816: result: yes
configure:11819: checking whether to build shared libraries
configure:11840: result: yes
configure:11843: checking whether to build static libraries
configure:11847: result: no
configure:11935: checking for gcc
configure:11962: result: gcc
configure:12191: checking for C compiler version
configure:12200: gcc --version >&5
i686-apple-darwin10-gcc-4.2.1 (GCC) 4.2.1 (Apple Inc. build 5666) (dot 3)
Copyright (C) 2007 Free Software Foundation, Inc.
This is free software; see the source for copying conditions.  There is NO
warranty; not even for MERCHANTABILITY or FITNESS FOR A PARTICULAR PURPOSE.

configure:12211: $? = 0
configure:12200: gcc -v >&5
Using built-in specs.
Target: i686-apple-darwin10
Configured with: /var/tmp/gcc/gcc-5666.3~6/src/configure --disable-checking --enable-werror --prefix=/usr --mandir=/share/man --enable-languages=c,objc,c++,obj-c++ --program-transform-name=/^[cg][^.-]*$/s/$/-4.2/ --with-slibdir=/usr/lib --build=i686-apple-darwin10 --program-prefix=i686-apple-darwin10- --host=x86_64-apple-darwin10 --target=i686-apple-darwin10 --with-gxx-include-dir=/include/c++/4.2.1
Thread model: posix
gcc version 4.2.1 (Apple Inc. build 5666) (dot 3)
configure:12211: $? = 0
configure:12200: gcc -V >&5
gcc-4.2: argument to `-V' is missing
configure:12211: $? = 1
configure:12200: gcc -qversion >&5
i686-apple-darwin10-gcc-4.2.1: no input files
configure:12211: $? = 1
configure:12215: checking whether we are using the GNU C compiler
configure:12243: result: yes
configure:12252: checking whether gcc accepts -g
configure:12313: result: yes
configure:12330: checking for gcc option to accept ISO C89
configure:12407: result: none needed
configure:12429: checking dependency style of gcc
configure:12540: result: gcc3
configure:12558: checking for C compiler vendor
configure:12582: gcc -c -g -O2  conftest.c >&5
conftest.c: In function 'main':
conftest.c:29: error: 'thisisanerror' undeclared (first use in this function)
conftest.c:29: error: (Each undeclared identifier is reported only once
conftest.c:29: error: for each function it appears in.)
configure:12582: $? = 1
configure: failed program was:
| /* confdefs.h */
| #define PACKAGE_NAME "IOPKG"
| #define PACKAGE_TARNAME "iopkg"
| #define PACKAGE_VERSION "4.0"
| #define PACKAGE_STRING "IOPKG 4.0"
| #define PACKAGE_BUGREPORT "neunhoef@mcs.st-and.ac.uk"
| #define PACKAGE_URL ""
| #define PACKAGE "iopkg"
| #define VERSION "4.0"
| #define STDC_HEADERS 1
| #define HAVE_SYS_TYPES_H 1
| #define HAVE_SYS_STAT_H 1
| #define HAVE_STDLIB_H 1
| #define HAVE_STRING_H 1
| #define HAVE_MEMORY_H 1
| #define HAVE_STRINGS_H 1
| #define HAVE_INTTYPES_H 1
| #define HAVE_STDINT_H 1
| #define HAVE_UNISTD_H 1
| #define HAVE_DLFCN_H 1
| #define LT_OBJDIR ".libs/"
| /* end confdefs.h.  */
| 
| int
| main ()
| {
| 
| #if !(defined(__ICC) || defined(__ECC) || defined(__INTEL_COMPILER))
|       thisisanerror;
| #endif
| 
|   ;
|   return 0;
| }
configure:12582: gcc -c -g -O2  conftest.c >&5
conftest.c: In function 'main':
conftest.c:29: error: 'thisisanerror' undeclared (first use in this function)
conftest.c:29: error: (Each undeclared identifier is reported only once
conftest.c:29: error: for each function it appears in.)
configure:12582: $? = 1
configure: failed program was:
| /* confdefs.h */
| #define PACKAGE_NAME "IOPKG"
| #define PACKAGE_TARNAME "iopkg"
| #define PACKAGE_VERSION "4.0"
| #define PACKAGE_STRING "IOPKG 4.0"
| #define PACKAGE_BUGREPORT "neunhoef@mcs.st-and.ac.uk"
| #define PACKAGE_URL ""
| #define PACKAGE "iopkg"
| #define VERSION "4.0"
| #define STDC_HEADERS 1
| #define HAVE_SYS_TYPES_H 1
| #define HAVE_SYS_STAT_H 1
| #define HAVE_STDLIB_H 1
| #define HAVE_STRING_H 1
| #define HAVE_MEMORY_H 1
| #define HAVE_STRINGS_H 1
| #define HAVE_INTTYPES_H 1
| #define HAVE_STDINT_H 1
| #define HAVE_UNISTD_H 1
| #define HAVE_DLFCN_H 1
| #define LT_OBJDIR ".libs/"
| /* end confdefs.h.  */
| 
| int
| main ()
| {
| 
| #if !(defined(__xlc__) || defined(__xlC__) || defined(__IBMC__) || defined(__IBMCPP__))
|       thisisanerror;
| #endif
| 
|   ;
|   return 0;
| }
configure:12582: gcc -c -g -O2  conftest.c >&5
conftest.c: In function 'main':
conftest.c:29: error: 'thisisanerror' undeclared (first use in this function)
conftest.c:29: error: (Each undeclared identifier is reported only once
conftest.c:29: error: for each function it appears in.)
configure:12582: $? = 1
configure: failed program was:
| /* confdefs.h */
| #define PACKAGE_NAME "IOPKG"
| #define PACKAGE_TARNAME "iopkg"
| #define PACKAGE_VERSION "4.0"
| #define PACKAGE_STRING "IOPKG 4.0"
| #define PACKAGE_BUGREPORT "neunhoef@mcs.st-and.ac.uk"
| #define PACKAGE_URL ""
| #define PACKAGE "iopkg"
| #define VERSION "4.0"
| #define STDC_HEADERS 1
| #define HAVE_SYS_TYPES_H 1
| #define HAVE_SYS_STAT_H 1
| #define HAVE_STDLIB_H 1
| #define HAVE_STRING_H 1
| #define HAVE_MEMORY_H 1
| #define HAVE_STRINGS_H 1
| #define HAVE_INTTYPES_H 1
| #define HAVE_STDINT_H 1
| #define HAVE_UNISTD_H 1
| #define HAVE_DLFCN_H 1
| #define LT_OBJDIR ".libs/"
| /* end confdefs.h.  */
| 
| int
| main ()
| {
| 
| #if !(defined(__PATHCC__) || defined(__PATHSCALE__))
|       thisisanerror;
| #endif
| 
|   ;
|   return 0;
| }
configure:12582: gcc -c -g -O2  conftest.c >&5
configure:12582: $? = 0
configure:12589: result: gnu
configure:13430: checking for CONFIGNAME
configure:13435: result: none
configure:13446: checking for GAP root directory
configure:13472: result: /Users/vladimirjanjic/st-andrews/research/hpcgap-stuff/hpcgap
configure:13497: checking for GAP architecture
configure:13511: result: i686-apple-darwin10.8.0-gcc
configure:13536: checking for GAP include files
configure:13539: result: /Users/vladimirjanjic/st-andrews/research/hpcgap-stuff/hpcgap/src/compiled.h
configure:13546: checking for GAP config.h
configure:13549: result: /Users/vladimirjanjic/st-andrews/research/hpcgap-stuff/hpcgap/bin/i686-apple-darwin10.8.0-gcc/config.h
configure:13582: checking for GAP's gmp.h location
configure:13589: result: not found, GAP was compiled without GMP
configure:13609: checking size of void **
configure:13614: gcc -o conftest -g -O2   conftest.c  >&5
configure:13614: $? = 0
configure:13614: ./conftest
configure:13614: $? = 0
configure:13628: result: 8
configure:13645: checking for dirent.h that defines DIR
configure:13664: gcc -c -g -O2  conftest.c >&5
configure:13664: $? = 0
configure:13672: result: yes
configure:13685: checking for library containing opendir
configure:13716: gcc -o conftest -g -O2   conftest.c  >&5
configure:13716: $? = 0
configure:13733: result: none required
configure:13800: checking for ANSI C header files
configure:13904: result: yes
configure:13912: checking for sys/wait.h that is POSIX.1 compatible
configure:13938: gcc -c -g -O2  conftest.c >&5
configure:13938: $? = 0
configure:13945: result: yes
configure:13956: checking fcntl.h usability
configure:13956: gcc -c -g -O2  conftest.c >&5
configure:13956: $? = 0
configure:13956: result: yes
configure:13956: checking fcntl.h presence
configure:13956: gcc -E  conftest.c
configure:13956: $? = 0
configure:13956: result: yes
configure:13956: checking for fcntl.h
configure:13956: result: yes
configure:13956: checking netdb.h usability
configure:13956: gcc -c -g -O2  conftest.c >&5
configure:13956: $? = 0
configure:13956: result: yes
configure:13956: checking netdb.h presence
configure:13956: gcc -E  conftest.c
configure:13956: $? = 0
configure:13956: result: yes
configure:13956: checking for netdb.h
configure:13956: result: yes
configure:13956: checking netinet/in.h usability
configure:13956: gcc -c -g -O2  conftest.c >&5
configure:13956: $? = 0
configure:13956: result: yes
configure:13956: checking netinet/in.h presence
configure:13956: gcc -E  conftest.c
configure:13956: $? = 0
configure:13956: result: yes
configure:13956: checking for netinet/in.h
configure:13956: result: yes
configure:13956: checking netinet/tcp.h usability
configure:13956: gcc -c -g -O2  conftest.c >&5
configure:13956: $? = 0
configure:13956: result: yes
configure:13956: checking netinet/tcp.h presence
configure:13956: gcc -E  conftest.c
configure:13956: $? = 0
configure:13956: result: yes
configure:13956: checking for netinet/tcp.h
configure:13956: result: yes
configure:13956: checking for stdlib.h
configure:13956: result: yes
configure:13956: checking sys/socket.h usability
configure:13956: gcc -c -g -O2  conftest.c >&5
configure:13956: $? = 0
configure:13956: result: yes
configure:13956: checking sys/socket.h presence
configure:13956: gcc -E  conftest.c
configure:13956: $? = 0
configure:13956: result: yes
configure:13956: checking for sys/socket.h
configure:13956: result: yes
configure:13956: checking sys/time.h usability
configure:13956: gcc -c -g -O2  conftest.c >&5
configure:13956: $? = 0
configure:13956: result: yes
configure:13956: checking sys/time.h presence
configure:13956: gcc -E  conftest.c
configure:13956: $? = 0
configure:13956: result: yes
configure:13956: checking for sys/time.h
configure:13956: result: yes
configure:13956: checking time.h usability
configure:13956: gcc -c -g -O2  conftest.c >&5
configure:13956: $? = 0
configure:13956: result: yes
configure:13956: checking time.h presence
configure:13956: gcc -E  conftest.c
configure:13956: $? = 0
configure:13956: result: yes
configure:13956: checking for time.h
configure:13956: result: yes
configure:13956: checking for unistd.h
configure:13956: result: yes
configure:13956: checking signal.h usability
configure:13956: gcc -c -g -O2  conftest.c >&5
configure:13956: $? = 0
configure:13956: result: yes
configure:13956: checking signal.h presence
configure:13956: gcc -E  conftest.c
configure:13956: $? = 0
configure:13956: result: yes
configure:13956: checking for signal.h
configure:13956: result: yes
configure:13968: checking for an ANSI C-conforming const
configure:14033: gcc -c -g -O2  conftest.c >&5
configure:14033: $? = 0
configure:14040: result: yes
configure:14048: checking for pid_t
configure:14048: gcc -c -g -O2  conftest.c >&5
configure:14048: $? = 0
configure:14048: gcc -c -g -O2  conftest.c >&5
conftest.c: In function 'main':
conftest.c:73: error: expected expression before ')' token
configure:14048: $? = 1
configure: failed program was:
| /* confdefs.h */
| #define PACKAGE_NAME "IOPKG"
| #define PACKAGE_TARNAME "iopkg"
| #define PACKAGE_VERSION "4.0"
| #define PACKAGE_STRING "IOPKG 4.0"
| #define PACKAGE_BUGREPORT "neunhoef@mcs.st-and.ac.uk"
| #define PACKAGE_URL ""
| #define PACKAGE "iopkg"
| #define VERSION "4.0"
| #define STDC_HEADERS 1
| #define HAVE_SYS_TYPES_H 1
| #define HAVE_SYS_STAT_H 1
| #define HAVE_STDLIB_H 1
| #define HAVE_STRING_H 1
| #define HAVE_MEMORY_H 1
| #define HAVE_STRINGS_H 1
| #define HAVE_INTTYPES_H 1
| #define HAVE_STDINT_H 1
| #define HAVE_UNISTD_H 1
| #define HAVE_DLFCN_H 1
| #define LT_OBJDIR ".libs/"
| #define SIZEOF_VOID_PP 8
| #define HAVE_DIRENT_H 1
| #define STDC_HEADERS 1
| #define HAVE_SYS_WAIT_H 1
| #define HAVE_FCNTL_H 1
| #define HAVE_NETDB_H 1
| #define HAVE_NETINET_IN_H 1
| #define HAVE_NETINET_TCP_H 1
| #define HAVE_STDLIB_H 1
| #define HAVE_SYS_SOCKET_H 1
| #define HAVE_SYS_TIME_H 1
| #define HAVE_TIME_H 1
| #define HAVE_UNISTD_H 1
| #define HAVE_SIGNAL_H 1
| /* end confdefs.h.  */
| #include <stdio.h>
| #ifdef HAVE_SYS_TYPES_H
| # include <sys/types.h>
| #endif
| #ifdef HAVE_SYS_STAT_H
| # include <sys/stat.h>
| #endif
| #ifdef STDC_HEADERS
| # include <stdlib.h>
| # include <stddef.h>
| #else
| # ifdef HAVE_STDLIB_H
| #  include <stdlib.h>
| # endif
| #endif
| #ifdef HAVE_STRING_H
| # if !defined STDC_HEADERS && defined HAVE_MEMORY_H
| #  include <memory.h>
| # endif
| # include <string.h>
| #endif
| #ifdef HAVE_STRINGS_H
| # include <strings.h>
| #endif
| #ifdef HAVE_INTTYPES_H
| # include <inttypes.h>
| #endif
| #ifdef HAVE_STDINT_H
| # include <stdint.h>
| #endif
| #ifdef HAVE_UNISTD_H
| # include <unistd.h>
| #endif
| int
| main ()
| {
| if (sizeof ((pid_t)))
| 	    return 0;
|   ;
|   return 0;
| }
configure:14048: result: yes
configure:14059: checking for struct stat.st_blksize
configure:14059: gcc -c -g -O2  conftest.c >&5
configure:14059: $? = 0
configure:14059: result: yes
configure:14069: checking for struct stat.st_blocks
configure:14069: gcc -c -g -O2  conftest.c >&5
configure:14069: $? = 0
configure:14069: result: yes
configure:14089: checking for struct stat.st_rdev
configure:14089: gcc -c -g -O2  conftest.c >&5
configure:14089: $? = 0
configure:14089: result: yes
configure:14099: checking whether time.h and sys/time.h may both be included
configure:14119: gcc -c -g -O2  conftest.c >&5
configure:14119: $? = 0
configure:14126: result: yes
configure:14136: checking for uid_t in sys/types.h
configure:14155: result: yes
configure:14168: checking for unistd.h
configure:14168: result: yes
configure:14178: checking for working chown
configure:14211: gcc -o conftest -g -O2   conftest.c  >&5
configure:14211: $? = 0
configure:14211: ./conftest
configure:14211: $? = 0
configure:14223: result: yes
configure:14231: checking whether closedir returns void
configure:14255: gcc -o conftest -g -O2   conftest.c  >&5
configure:14255: $? = 0
configure:14255: ./conftest
configure:14255: $? = 0
configure:14265: result: no
configure:14275: checking vfork.h usability
configure:14275: gcc -c -g -O2  conftest.c >&5
conftest.c:77:19: error: vfork.h: No such file or directory
configure:14275: $? = 1
configure: failed program was:
| /* confdefs.h */
| #define PACKAGE_NAME "IOPKG"
| #define PACKAGE_TARNAME "iopkg"
| #define PACKAGE_VERSION "4.0"
| #define PACKAGE_STRING "IOPKG 4.0"
| #define PACKAGE_BUGREPORT "neunhoef@mcs.st-and.ac.uk"
| #define PACKAGE_URL ""
| #define PACKAGE "iopkg"
| #define VERSION "4.0"
| #define STDC_HEADERS 1
| #define HAVE_SYS_TYPES_H 1
| #define HAVE_SYS_STAT_H 1
| #define HAVE_STDLIB_H 1
| #define HAVE_STRING_H 1
| #define HAVE_MEMORY_H 1
| #define HAVE_STRINGS_H 1
| #define HAVE_INTTYPES_H 1
| #define HAVE_STDINT_H 1
| #define HAVE_UNISTD_H 1
| #define HAVE_DLFCN_H 1
| #define LT_OBJDIR ".libs/"
| #define SIZEOF_VOID_PP 8
| #define HAVE_DIRENT_H 1
| #define STDC_HEADERS 1
| #define HAVE_SYS_WAIT_H 1
| #define HAVE_FCNTL_H 1
| #define HAVE_NETDB_H 1
| #define HAVE_NETINET_IN_H 1
| #define HAVE_NETINET_TCP_H 1
| #define HAVE_STDLIB_H 1
| #define HAVE_SYS_SOCKET_H 1
| #define HAVE_SYS_TIME_H 1
| #define HAVE_TIME_H 1
| #define HAVE_UNISTD_H 1
| #define HAVE_SIGNAL_H 1
| #define HAVE_STRUCT_STAT_ST_BLKSIZE 1
| #define HAVE_STRUCT_STAT_ST_BLOCKS 1
| #define HAVE_ST_BLOCKS 1
| #define HAVE_STRUCT_STAT_ST_RDEV 1
| #define TIME_WITH_SYS_TIME 1
| #define HAVE_UNISTD_H 1
| #define HAVE_CHOWN 1
| /* end confdefs.h.  */
| #include <stdio.h>
| #ifdef HAVE_SYS_TYPES_H
| # include <sys/types.h>
| #endif
| #ifdef HAVE_SYS_STAT_H
| # include <sys/stat.h>
| #endif
| #ifdef STDC_HEADERS
| # include <stdlib.h>
| # include <stddef.h>
| #else
| # ifdef HAVE_STDLIB_H
| #  include <stdlib.h>
| # endif
| #endif
| #ifdef HAVE_STRING_H
| # if !defined STDC_HEADERS && defined HAVE_MEMORY_H
| #  include <memory.h>
| # endif
| # include <string.h>
| #endif
| #ifdef HAVE_STRINGS_H
| # include <strings.h>
| #endif
| #ifdef HAVE_INTTYPES_H
| # include <inttypes.h>
| #endif
| #ifdef HAVE_STDINT_H
| # include <stdint.h>
| #endif
| #ifdef HAVE_UNISTD_H
| # include <unistd.h>
| #endif
| #include <vfork.h>
configure:14275: result: no
configure:14275: checking vfork.h presence
configure:14275: gcc -E  conftest.c
conftest.c:44:19: error: vfork.h: No such file or directory
configure:14275: $? = 1
configure: failed program was:
| /* confdefs.h */
| #define PACKAGE_NAME "IOPKG"
| #define PACKAGE_TARNAME "iopkg"
| #define PACKAGE_VERSION "4.0"
| #define PACKAGE_STRING "IOPKG 4.0"
| #define PACKAGE_BUGREPORT "neunhoef@mcs.st-and.ac.uk"
| #define PACKAGE_URL ""
| #define PACKAGE "iopkg"
| #define VERSION "4.0"
| #define STDC_HEADERS 1
| #define HAVE_SYS_TYPES_H 1
| #define HAVE_SYS_STAT_H 1
| #define HAVE_STDLIB_H 1
| #define HAVE_STRING_H 1
| #define HAVE_MEMORY_H 1
| #define HAVE_STRINGS_H 1
| #define HAVE_INTTYPES_H 1
| #define HAVE_STDINT_H 1
| #define HAVE_UNISTD_H 1
| #define HAVE_DLFCN_H 1
| #define LT_OBJDIR ".libs/"
| #define SIZEOF_VOID_PP 8
| #define HAVE_DIRENT_H 1
| #define STDC_HEADERS 1
| #define HAVE_SYS_WAIT_H 1
| #define HAVE_FCNTL_H 1
| #define HAVE_NETDB_H 1
| #define HAVE_NETINET_IN_H 1
| #define HAVE_NETINET_TCP_H 1
| #define HAVE_STDLIB_H 1
| #define HAVE_SYS_SOCKET_H 1
| #define HAVE_SYS_TIME_H 1
| #define HAVE_TIME_H 1
| #define HAVE_UNISTD_H 1
| #define HAVE_SIGNAL_H 1
| #define HAVE_STRUCT_STAT_ST_BLKSIZE 1
| #define HAVE_STRUCT_STAT_ST_BLOCKS 1
| #define HAVE_ST_BLOCKS 1
| #define HAVE_STRUCT_STAT_ST_RDEV 1
| #define TIME_WITH_SYS_TIME 1
| #define HAVE_UNISTD_H 1
| #define HAVE_CHOWN 1
| /* end confdefs.h.  */
| #include <vfork.h>
configure:14275: result: no
configure:14275: checking for vfork.h
configure:14275: result: no
configure:14288: checking for fork
configure:14288: gcc -o conftest -g -O2   conftest.c  >&5
conftest.c:67: warning: conflicting types for built-in function 'fork'
configure:14288: $? = 0
configure:14288: result: yes
configure:14288: checking for vfork
configure:14288: gcc -o conftest -g -O2   conftest.c  >&5
configure:14288: $? = 0
configure:14288: result: yes
configure:14298: checking for working fork
configure:14320: gcc -o conftest -g -O2   conftest.c  >&5
configure:14320: $? = 0
configure:14320: ./conftest
configure:14320: $? = 0
configure:14330: result: yes
configure:14351: checking for working vfork
configure:14461: result: yes
configure:14486: checking whether lstat correctly handles trailing slash
configure:14512: gcc -o conftest -g -O2   conftest.c  >&5
configure:14512: $? = 0
configure:14512: ./conftest
configure:14512: $? = 1
configure: program exited with status 1
configure: failed program was:
| /* confdefs.h */
| #define PACKAGE_NAME "IOPKG"
| #define PACKAGE_TARNAME "iopkg"
| #define PACKAGE_VERSION "4.0"
| #define PACKAGE_STRING "IOPKG 4.0"
| #define PACKAGE_BUGREPORT "neunhoef@mcs.st-and.ac.uk"
| #define PACKAGE_URL ""
| #define PACKAGE "iopkg"
| #define VERSION "4.0"
| #define STDC_HEADERS 1
| #define HAVE_SYS_TYPES_H 1
| #define HAVE_SYS_STAT_H 1
| #define HAVE_STDLIB_H 1
| #define HAVE_STRING_H 1
| #define HAVE_MEMORY_H 1
| #define HAVE_STRINGS_H 1
| #define HAVE_INTTYPES_H 1
| #define HAVE_STDINT_H 1
| #define HAVE_UNISTD_H 1
| #define HAVE_DLFCN_H 1
| #define LT_OBJDIR ".libs/"
| #define SIZEOF_VOID_PP 8
| #define HAVE_DIRENT_H 1
| #define STDC_HEADERS 1
| #define HAVE_SYS_WAIT_H 1
| #define HAVE_FCNTL_H 1
| #define HAVE_NETDB_H 1
| #define HAVE_NETINET_IN_H 1
| #define HAVE_NETINET_TCP_H 1
| #define HAVE_STDLIB_H 1
| #define HAVE_SYS_SOCKET_H 1
| #define HAVE_SYS_TIME_H 1
| #define HAVE_TIME_H 1
| #define HAVE_UNISTD_H 1
| #define HAVE_SIGNAL_H 1
| #define HAVE_STRUCT_STAT_ST_BLKSIZE 1
| #define HAVE_STRUCT_STAT_ST_BLOCKS 1
| #define HAVE_ST_BLOCKS 1
| #define HAVE_STRUCT_STAT_ST_RDEV 1
| #define TIME_WITH_SYS_TIME 1
| #define HAVE_UNISTD_H 1
| #define HAVE_CHOWN 1
| #define HAVE_FORK 1
| #define HAVE_VFORK 1
| #define HAVE_WORKING_VFORK 1
| #define HAVE_WORKING_FORK 1
| /* end confdefs.h.  */
| #include <stdio.h>
| #ifdef HAVE_SYS_TYPES_H
| # include <sys/types.h>
| #endif
| #ifdef HAVE_SYS_STAT_H
| # include <sys/stat.h>
| #endif
| #ifdef STDC_HEADERS
| # include <stdlib.h>
| # include <stddef.h>
| #else
| # ifdef HAVE_STDLIB_H
| #  include <stdlib.h>
| # endif
| #endif
| #ifdef HAVE_STRING_H
| # if !defined STDC_HEADERS && defined HAVE_MEMORY_H
| #  include <memory.h>
| # endif
| # include <string.h>
| #endif
| #ifdef HAVE_STRINGS_H
| # include <strings.h>
| #endif
| #ifdef HAVE_INTTYPES_H
| # include <inttypes.h>
| #endif
| #ifdef HAVE_STDINT_H
| # include <stdint.h>
| #endif
| #ifdef HAVE_UNISTD_H
| # include <unistd.h>
| #endif
| int
| main ()
| {
| struct stat sbuf;
|      /* Linux will dereference the symlink and fail, as required by POSIX.
| 	That is better in the sense that it means we will not
| 	have to compile and use the lstat wrapper.  */
|      return lstat ("conftest.sym/", &sbuf) == 0;
|   ;
|   return 0;
| }
configure:14529: result: no
configure:14548: checking whether lstat accepts an empty string
configure:14568: gcc -o conftest -g -O2   conftest.c  >&5
configure:14568: $? = 0
configure:14568: ./conftest
configure:14568: $? = 0
configure:14578: result: no
configure:14594: checking whether lstat correctly handles trailing slash
configure:14637: result: no
configure:14659: checking sys/select.h usability
configure:14659: gcc -c -g -O2  conftest.c >&5
configure:14659: $? = 0
configure:14659: result: yes
configure:14659: checking sys/select.h presence
configure:14659: gcc -E  conftest.c
configure:14659: $? = 0
configure:14659: result: yes
configure:14659: checking for sys/select.h
configure:14659: result: yes
configure:14659: checking for sys/socket.h
configure:14659: result: yes
configure:14669: checking types of arguments for select
configure:14697: gcc -c -g -O2  conftest.c >&5
configure:14697: $? = 0
configure:14708: result: int,fd_set *,struct timeval *
configure:14731: checking return type of signal handlers
configure:14749: gcc -c -g -O2  conftest.c >&5
conftest.c: In function 'main':
conftest.c:59: error: void value not ignored as it ought to be
configure:14749: $? = 1
configure: failed program was:
| /* confdefs.h */
| #define PACKAGE_NAME "IOPKG"
| #define PACKAGE_TARNAME "iopkg"
| #define PACKAGE_VERSION "4.0"
| #define PACKAGE_STRING "IOPKG 4.0"
| #define PACKAGE_BUGREPORT "neunhoef@mcs.st-and.ac.uk"
| #define PACKAGE_URL ""
| #define PACKAGE "iopkg"
| #define VERSION "4.0"
| #define STDC_HEADERS 1
| #define HAVE_SYS_TYPES_H 1
| #define HAVE_SYS_STAT_H 1
| #define HAVE_STDLIB_H 1
| #define HAVE_STRING_H 1
| #define HAVE_MEMORY_H 1
| #define HAVE_STRINGS_H 1
| #define HAVE_INTTYPES_H 1
| #define HAVE_STDINT_H 1
| #define HAVE_UNISTD_H 1
| #define HAVE_DLFCN_H 1
| #define LT_OBJDIR ".libs/"
| #define SIZEOF_VOID_PP 8
| #define HAVE_DIRENT_H 1
| #define STDC_HEADERS 1
| #define HAVE_SYS_WAIT_H 1
| #define HAVE_FCNTL_H 1
| #define HAVE_NETDB_H 1
| #define HAVE_NETINET_IN_H 1
| #define HAVE_NETINET_TCP_H 1
| #define HAVE_STDLIB_H 1
| #define HAVE_SYS_SOCKET_H 1
| #define HAVE_SYS_TIME_H 1
| #define HAVE_TIME_H 1
| #define HAVE_UNISTD_H 1
| #define HAVE_SIGNAL_H 1
| #define HAVE_STRUCT_STAT_ST_BLKSIZE 1
| #define HAVE_STRUCT_STAT_ST_BLOCKS 1
| #define HAVE_ST_BLOCKS 1
| #define HAVE_STRUCT_STAT_ST_RDEV 1
| #define TIME_WITH_SYS_TIME 1
| #define HAVE_UNISTD_H 1
| #define HAVE_CHOWN 1
| #define HAVE_FORK 1
| #define HAVE_VFORK 1
| #define HAVE_WORKING_VFORK 1
| #define HAVE_WORKING_FORK 1
| #define HAVE_SYS_SELECT_H 1
| #define HAVE_SYS_SOCKET_H 1
| #define SELECT_TYPE_ARG1 int
| #define SELECT_TYPE_ARG234 (fd_set *)
| #define SELECT_TYPE_ARG5 (struct timeval *)
| /* end confdefs.h.  */
| #include <sys/types.h>
| #include <signal.h>
| 
| int
| main ()
| {
| return *(signal (0, 0)) (0) == 1;
|   ;
|   return 0;
| }
configure:14756: result: void
configure:14764: checking whether stat accepts an empty string
configure:14784: gcc -o conftest -g -O2   conftest.c  >&5
configure:14784: $? = 0
configure:14784: ./conftest
configure:14784: $? = 0
configure:14794: result: no
configure:14813: checking for dup2
configure:14813: gcc -o conftest -g -O2   conftest.c  >&5
configure:14813: $? = 0
configure:14813: result: yes
configure:14813: checking for gethostbyname
configure:14813: gcc -o conftest -g -O2   conftest.c  >&5
configure:14813: $? = 0
configure:14813: result: yes
configure:14813: checking for lchown
configure:14813: gcc -o conftest -g -O2   conftest.c  >&5
configure:14813: $? = 0
configure:14813: result: yes
configure:14813: checking for memset
configure:14813: gcc -o conftest -g -O2   conftest.c  >&5
conftest.c:80: warning: conflicting types for built-in function 'memset'
configure:14813: $? = 0
configure:14813: result: yes
configure:14813: checking for mkdir
configure:14813: gcc -o conftest -g -O2   conftest.c  >&5
configure:14813: $? = 0
configure:14813: result: yes
configure:14813: checking for mkfifo
configure:14813: gcc -o conftest -g -O2   conftest.c  >&5
configure:14813: $? = 0
configure:14813: result: yes
configure:14813: checking for rmdir
configure:14813: gcc -o conftest -g -O2   conftest.c  >&5
configure:14813: $? = 0
configure:14813: result: yes
configure:14813: checking for select
configure:14813: gcc -o conftest -g -O2   conftest.c  >&5
configure:14813: $? = 0
configure:14813: result: yes
configure:14813: checking for socket
configure:14813: gcc -o conftest -g -O2   conftest.c  >&5
configure:14813: $? = 0
configure:14813: result: yes
configure:14813: checking for getprotobyname
configure:14813: gcc -o conftest -g -O2   conftest.c  >&5
configure:14813: $? = 0
configure:14813: result: yes
configure:14813: checking for signal
configure:14813: gcc -o conftest -g -O2   conftest.c  >&5
configure:14813: $? = 0
configure:14813: result: yes
configure:14813: checking for opendir
configure:14813: gcc -o conftest -g -O2   conftest.c  >&5
configure:14813: $? = 0
configure:14813: result: yes
configure:14813: checking for readdir
configure:14813: gcc -o conftest -g -O2   conftest.c  >&5
configure:14813: $? = 0
configure:14813: result: yes
configure:14813: checking for closedir
configure:14813: gcc -o conftest -g -O2   conftest.c  >&5
configure:14813: $? = 0
configure:14813: result: yes
configure:14813: checking for rewinddir
configure:14813: gcc -o conftest -g -O2   conftest.c  >&5
configure:14813: $? = 0
configure:14813: result: yes
configure:14813: checking for telldir
configure:14813: gcc -o conftest -g -O2   conftest.c  >&5
configure:14813: $? = 0
configure:14813: result: yes
configure:14813: checking for seekdir
configure:14813: gcc -o conftest -g -O2   conftest.c  >&5
configure:14813: $? = 0
configure:14813: result: yes
configure:14813: checking for unlink
configure:14813: gcc -o conftest -g -O2   conftest.c  >&5
configure:14813: $? = 0
configure:14813: result: yes
configure:14813: checking for link
configure:14813: gcc -o conftest -g -O2   conftest.c  >&5
configure:14813: $? = 0
configure:14813: result: yes
configure:14813: checking for rename
configure:14813: gcc -o conftest -g -O2   conftest.c  >&5
configure:14813: $? = 0
configure:14813: result: yes
configure:14813: checking for symlink
configure:14813: gcc -o conftest -g -O2   conftest.c  >&5
configure:14813: $? = 0
configure:14813: result: yes
configure:14813: checking for readlink
configure:14813: gcc -o conftest -g -O2   conftest.c  >&5
configure:14813: $? = 0
configure:14813: result: yes
configure:14813: checking for accept
configure:14813: gcc -o conftest -g -O2   conftest.c  >&5
configure:14813: $? = 0
configure:14813: result: yes
configure:14813: checking for bind
configure:14813: gcc -o conftest -g -O2   conftest.c  >&5
configure:14813: $? = 0
configure:14813: result: yes
configure:14813: checking for chmod
configure:14813: gcc -o conftest -g -O2   conftest.c  >&5
configure:14813: $? = 0
configure:14813: result: yes
configure:14813: checking for connect
configure:14813: gcc -o conftest -g -O2   conftest.c  >&5
configure:14813: $? = 0
configure:14813: result: yes
configure:14813: checking for dup
configure:14813: gcc -o conftest -g -O2   conftest.c  >&5
configure:14813: $? = 0
configure:14813: result: yes
configure:14813: checking for fchmod
configure:14813: gcc -o conftest -g -O2   conftest.c  >&5
configure:14813: $? = 0
configure:14813: result: yes
configure:14813: checking for fchown
configure:14813: gcc -o conftest -g -O2   conftest.c  >&5
configure:14813: $? = 0
configure:14813: result: yes
configure:14813: checking for stat
configure:14813: gcc -o conftest -g -O2   conftest.c  >&5
configure:14813: $? = 0
configure:14813: result: yes
configure:14813: checking for fstat
configure:14813: gcc -o conftest -g -O2   conftest.c  >&5
configure:14813: $? = 0
configure:14813: result: yes
configure:14813: checking for lstat
configure:14813: gcc -o conftest -g -O2   conftest.c  >&5
configure:14813: $? = 0
configure:14813: result: yes
configure:14813: checking for getsockopt
configure:14813: gcc -o conftest -g -O2   conftest.c  >&5
configure:14813: $? = 0
configure:14813: result: yes
configure:14813: checking for listen
configure:14813: gcc -o conftest -g -O2   conftest.c  >&5
configure:14813: $? = 0
configure:14813: result: yes
configure:14813: checking for lstat
configure:14813: result: yes
configure:14813: checking for mknod
configure:14813: gcc -o conftest -g -O2   conftest.c  >&5
configure:14813: $? = 0
configure:14813: result: yes
configure:14813: checking for recv
configure:14813: gcc -o conftest -g -O2   conftest.c  >&5
configure:14813: $? = 0
configure:14813: result: yes
configure:14813: checking for recvfrom
configure:14813: gcc -o conftest -g -O2   conftest.c  >&5
configure:14813: $? = 0
configure:14813: result: yes
configure:14813: checking for send
configure:14813: gcc -o conftest -g -O2   conftest.c  >&5
configure:14813: $? = 0
configure:14813: result: yes
configure:14813: checking for sendto
configure:14813: gcc -o conftest -g -O2   conftest.c  >&5
configure:14813: $? = 0
configure:14813: result: yes
configure:14813: checking for setsockopt
configure:14813: gcc -o conftest -g -O2   conftest.c  >&5
configure:14813: $? = 0
configure:14813: result: yes
configure:14813: checking for gettimeofday
configure:14813: gcc -o conftest -g -O2   conftest.c  >&5
configure:14813: $? = 0
configure:14813: result: yes
configure:14813: checking for gmtime
configure:14813: gcc -o conftest -g -O2   conftest.c  >&5
configure:14813: $? = 0
configure:14813: result: yes
configure:14813: checking for localtime
configure:14813: gcc -o conftest -g -O2   conftest.c  >&5
configure:14813: $? = 0
configure:14813: result: yes
configure:14813: checking for getpid
configure:14813: gcc -o conftest -g -O2   conftest.c  >&5
configure:14813: $? = 0
configure:14813: result: yes
configure:14813: checking for getppid
configure:14813: gcc -o conftest -g -O2   conftest.c  >&5
configure:14813: $? = 0
configure:14813: result: yes
configure:14813: checking for kill
configure:14813: gcc -o conftest -g -O2   conftest.c  >&5
configure:14813: $? = 0
configure:14813: result: yes
configure:14813: checking for gethostname
configure:14813: gcc -o conftest -g -O2   conftest.c  >&5
configure:14813: $? = 0
configure:14813: result: yes
configure:14813: checking for getsockname
configure:14813: gcc -o conftest -g -O2   conftest.c  >&5
configure:14813: $? = 0
configure:14813: result: yes
configure:15006: creating ./config.status

## ---------------------- ##
## Running config.status. ##
## ---------------------- ##

This file was extended by IOPKG config.status 4.0, which was
generated by GNU Autoconf 2.68.  Invocation command line was

  CONFIG_FILES    = 
  CONFIG_HEADERS  = 
  CONFIG_LINKS    = 
  CONFIG_COMMANDS = 
  $ ./config.status 

on dyn-207-98.cs.st-andrews.ac.uk

config.status:1180: creating Makefile
config.status:1180: creating src/pkgconfig.h
config.status:1361: src/pkgconfig.h is unchanged
config.status:1409: executing depfiles commands
config.status:1409: executing libtool commands

## ---------------- ##
## Cache variables. ##
## ---------------- ##

ac_cv_build=x86_64-apple-darwin10.8.0
ac_cv_c_compiler_gnu=yes
ac_cv_c_const=yes
ac_cv_env_CC_set=
ac_cv_env_CC_value=
ac_cv_env_CFLAGS_set=
ac_cv_env_CFLAGS_value=
ac_cv_env_CONFIGNAME_set=
ac_cv_env_CONFIGNAME_value=
ac_cv_env_CPPFLAGS_set=
ac_cv_env_CPPFLAGS_value=
ac_cv_env_CPP_set=
ac_cv_env_CPP_value=
ac_cv_env_LDFLAGS_set=
ac_cv_env_LDFLAGS_value=
ac_cv_env_LIBS_set=
ac_cv_env_LIBS_value=
ac_cv_env_build_alias_set=
ac_cv_env_build_alias_value=
ac_cv_env_host_alias_set=
ac_cv_env_host_alias_value=
ac_cv_env_target_alias_set=
ac_cv_env_target_alias_value=
ac_cv_func_accept=yes
ac_cv_func_bind=yes
ac_cv_func_chmod=yes
ac_cv_func_chown_works=yes
ac_cv_func_closedir=yes
ac_cv_func_closedir_void=no
ac_cv_func_connect=yes
ac_cv_func_dup2=yes
ac_cv_func_dup=yes
ac_cv_func_fchmod=yes
ac_cv_func_fchown=yes
ac_cv_func_fork=yes
ac_cv_func_fork_works=yes
ac_cv_func_fstat=yes
ac_cv_func_gethostbyname=yes
ac_cv_func_gethostname=yes
ac_cv_func_getpid=yes
ac_cv_func_getppid=yes
ac_cv_func_getprotobyname=yes
ac_cv_func_getsockname=yes
ac_cv_func_getsockopt=yes
ac_cv_func_gettimeofday=yes
ac_cv_func_gmtime=yes
ac_cv_func_kill=yes
ac_cv_func_lchown=yes
ac_cv_func_link=yes
ac_cv_func_listen=yes
ac_cv_func_localtime=yes
ac_cv_func_lstat=yes
ac_cv_func_lstat_dereferences_slashed_symlink=no
ac_cv_func_lstat_empty_string_bug=no
ac_cv_func_memset=yes
ac_cv_func_mkdir=yes
ac_cv_func_mkfifo=yes
ac_cv_func_mknod=yes
ac_cv_func_opendir=yes
ac_cv_func_readdir=yes
ac_cv_func_readlink=yes
ac_cv_func_recv=yes
ac_cv_func_recvfrom=yes
ac_cv_func_rename=yes
ac_cv_func_rewinddir=yes
ac_cv_func_rmdir=yes
ac_cv_func_seekdir=yes
ac_cv_func_select=yes
ac_cv_func_select_args='int,fd_set *,struct timeval *'
ac_cv_func_send=yes
ac_cv_func_sendto=yes
ac_cv_func_setsockopt=yes
ac_cv_func_signal=yes
ac_cv_func_socket=yes
ac_cv_func_stat=yes
ac_cv_func_stat_empty_string_bug=no
ac_cv_func_symlink=yes
ac_cv_func_telldir=yes
ac_cv_func_unlink=yes
ac_cv_func_vfork=yes
ac_cv_func_vfork_works=yes
ac_cv_header_dirent_dirent_h=yes
ac_cv_header_dlfcn_h=yes
ac_cv_header_fcntl_h=yes
ac_cv_header_inttypes_h=yes
ac_cv_header_memory_h=yes
ac_cv_header_netdb_h=yes
ac_cv_header_netinet_in_h=yes
ac_cv_header_netinet_tcp_h=yes
ac_cv_header_signal_h=yes
ac_cv_header_stdc=yes
ac_cv_header_stdint_h=yes
ac_cv_header_stdlib_h=yes
ac_cv_header_string_h=yes
ac_cv_header_strings_h=yes
ac_cv_header_sys_select_h=yes
ac_cv_header_sys_socket_h=yes
ac_cv_header_sys_stat_h=yes
ac_cv_header_sys_time_h=yes
ac_cv_header_sys_types_h=yes
ac_cv_header_sys_wait_h=yes
ac_cv_header_time=yes
ac_cv_header_time_h=yes
ac_cv_header_unistd_h=yes
ac_cv_header_vfork_h=no
ac_cv_host=x86_64-apple-darwin10.8.0
ac_cv_lib_dl_dlopen=yes
ac_cv_member_struct_stat_st_blksize=yes
ac_cv_member_struct_stat_st_blocks=yes
ac_cv_member_struct_stat_st_rdev=yes
ac_cv_objext=o
ac_cv_path_EGREP='/usr/bin/grep -E'
ac_cv_path_FGREP='/usr/bin/grep -F'
ac_cv_path_GREP=/usr/bin/grep
ac_cv_path_SED=/usr/bin/sed
ac_cv_path_install='/opt/local/bin/ginstall -c'
ac_cv_path_mkdir=/opt/local/bin/gmkdir
ac_cv_prog_AWK=awk
ac_cv_prog_CPP='gcc -E'
ac_cv_prog_ac_ct_AR=ar
ac_cv_prog_ac_ct_CC=gcc
ac_cv_prog_ac_ct_DSYMUTIL=dsymutil
ac_cv_prog_ac_ct_LIPO=lipo
ac_cv_prog_ac_ct_NMEDIT=nmedit
ac_cv_prog_ac_ct_OTOOL=otool
ac_cv_prog_ac_ct_RANLIB=ranlib
ac_cv_prog_ac_ct_STRIP=strip
ac_cv_prog_cc_c89=
ac_cv_prog_cc_g=yes
ac_cv_prog_make_make_set=yes
ac_cv_search_opendir='none required'
ac_cv_sizeof_void_pp=8
ac_cv_type_pid_t=yes
ac_cv_type_signal=void
ac_cv_type_uid_t=yes
am_cv_CC_dependencies_compiler_type=gcc3
ax_cv_c_compiler_vendor=gnu
lt_cv_apple_cc_single_mod=yes
lt_cv_ar_at_file=no
lt_cv_deplibs_check_method=pass_all
lt_cv_dlopen=dlopen
lt_cv_dlopen_libs=-ldl
lt_cv_dlopen_self=yes
lt_cv_dlopen_self_static=yes
lt_cv_file_magic_cmd='$MAGIC_CMD'
lt_cv_file_magic_test_file=
lt_cv_ld_exported_symbols_list=yes
lt_cv_ld_force_load=yes
lt_cv_ld_reload_flag=-r
lt_cv_nm_interface='BSD nm'
lt_cv_objdir=.libs
lt_cv_path_LD=/usr/libexec/gcc/i686-apple-darwin10/4.2.1/ld
lt_cv_path_NM=/opt/local/bin/nm
lt_cv_path_mainfest_tool=no
lt_cv_prog_compiler_c_o=yes
lt_cv_prog_compiler_pic='-fno-common -DPIC'
lt_cv_prog_compiler_pic_works=yes
lt_cv_prog_compiler_rtti_exceptions=no
lt_cv_prog_compiler_static_works=no
lt_cv_prog_gnu_ld=no
lt_cv_sharedlib_from_linklib_cmd='printf %s\n'
lt_cv_sys_global_symbol_pipe='sed -n -e '\''s/^.*[	 ]\([BCDEGRST][BCDEGRST]*\)[	 ][	 ]*_\([_A-Za-z][_A-Za-z0-9]*\)$/\1 _\2 \2/p'\'' | sed '\''/ __gnu_lto/d'\'''
lt_cv_sys_global_symbol_to_c_name_address='sed -n -e '\''s/^: \([^ ]*\)[ ]*$/  {\"\1\", (void *) 0},/p'\'' -e '\''s/^[BCDEGRST]* \([^ ]*\) \([^ ]*\)$/  {"\2", (void *) \&\2},/p'\'''
lt_cv_sys_global_symbol_to_c_name_address_lib_prefix='sed -n -e '\''s/^: \([^ ]*\)[ ]*$/  {\"\1\", (void *) 0},/p'\'' -e '\''s/^[BCDEGRST]* \([^ ]*\) \(lib[^ ]*\)$/  {"\2", (void *) \&\2},/p'\'' -e '\''s/^[BCDEGRST]* \([^ ]*\) \([^ ]*\)$/  {"lib\2", (void *) \&\2},/p'\'''
lt_cv_sys_global_symbol_to_cdecl='sed -n -e '\''s/^T .* \(.*\)$/extern int \1();/p'\'' -e '\''s/^[BCDEGRST]* .* \(.*\)$/extern char \1;/p'\'''
lt_cv_sys_max_cmd_len=196608
lt_cv_to_host_file_cmd=func_convert_file_noop
lt_cv_to_tool_file_cmd=func_convert_file_noop

## ----------------- ##
## Output variables. ##
## ----------------- ##

ACLOCAL='${SHELL} /Users/vladimirjanjic/st-andrews/research/hpcgap-stuff/hpcgap/pkg/io/cnf/missing --run aclocal-1.11'
AMDEPBACKSLASH='\'
AMDEP_FALSE='#'
AMDEP_TRUE=''
AMTAR='${SHELL} /Users/vladimirjanjic/st-andrews/research/hpcgap-stuff/hpcgap/pkg/io/cnf/missing --run tar'
AR='ar'
AS='as'
AUTOCONF='${SHELL} /Users/vladimirjanjic/st-andrews/research/hpcgap-stuff/hpcgap/pkg/io/cnf/missing --run autoconf'
AUTOHEADER='${SHELL} /Users/vladimirjanjic/st-andrews/research/hpcgap-stuff/hpcgap/pkg/io/cnf/missing --run autoheader'
AUTOMAKE='${SHELL} /Users/vladimirjanjic/st-andrews/research/hpcgap-stuff/hpcgap/pkg/io/cnf/missing --run automake-1.11'
AWK='awk'
CC='gcc'
CCDEPMODE='depmode=gcc3'
CFLAGS='-g -O2'
CONFIGNAME=''
CPP='gcc -E'
CPPFLAGS=''
CYGPATH_W='echo'
DEFS='-DHAVE_CONFIG_H'
DEPDIR='.deps'
DLLTOOL='false'
DSYMUTIL='dsymutil'
DUMPBIN=''
ECHO_C=''
ECHO_N='-n'
ECHO_T=''
EGREP='/usr/bin/grep -E'
EXEEXT=''
FGREP='/usr/bin/grep -F'
GAPARCH='i686-apple-darwin10.8.0-gcc'
GAPROOT='/Users/vladimirjanjic/st-andrews/research/hpcgap-stuff/hpcgap'
GAP_CPPFLAGS='-I/Users/vladimirjanjic/st-andrews/research/hpcgap-stuff/hpcgap -I/Users/vladimirjanjic/st-andrews/research/hpcgap-stuff/hpcgap/bin/i686-apple-darwin10.8.0-gcc'
GREP='/usr/bin/grep'
INSTALL_DATA='${INSTALL} -m 644'
INSTALL_PROGRAM='${INSTALL}'
INSTALL_SCRIPT='${INSTALL}'
INSTALL_STRIP_PROGRAM='$(install_sh) -c -s'
LD='/usr/libexec/gcc/i686-apple-darwin10/4.2.1/ld'
LDFLAGS=''
LIBOBJS=' ${LIBOBJDIR}lstat$U.o'
LIBS=''
LIBTOOL='$(SHELL) $(top_builddir)/libtool'
LIPO='lipo'
LN_S='ln -s'
LTLIBOBJS=' ${LIBOBJDIR}lstat$U.lo'
MAINT='#'
MAINTAINER_MODE_FALSE=''
MAINTAINER_MODE_TRUE='#'
MAKEINFO='${SHELL} /Users/vladimirjanjic/st-andrews/research/hpcgap-stuff/hpcgap/pkg/io/cnf/missing --run makeinfo'
MANIFEST_TOOL=':'
MKDIR_P='/opt/local/bin/gmkdir -p'
NM='/opt/local/bin/nm'
NMEDIT='nmedit'
OBJDUMP='false'
OBJEXT='o'
OTOOL64=':'
OTOOL='otool'
PACKAGE='iopkg'
PACKAGE_BUGREPORT='neunhoef@mcs.st-and.ac.uk'
PACKAGE_NAME='IOPKG'
PACKAGE_STRING='IOPKG 4.0'
PACKAGE_TARNAME='iopkg'
PACKAGE_URL=''
PACKAGE_VERSION='4.0'
PATH_SEPARATOR=':'
PRTDIAG=''
RANLIB='ranlib'
SED='/usr/bin/sed'
SET_MAKE=''
SHELL='/bin/sh'
STRIP='strip'
SYS_IS_CYGWIN_FALSE=''
SYS_IS_CYGWIN_TRUE='#'
VERSION='4.0'
ac_ct_AR='ar'
ac_ct_CC='gcc'
ac_ct_DUMPBIN=''
am__EXEEXT_FALSE=''
am__EXEEXT_TRUE='#'
am__fastdepCC_FALSE='#'
am__fastdepCC_TRUE=''
am__include='include'
am__isrc=''
am__leading_dot='.'
am__nodep='_no'
am__quote=''
am__tar='${AMTAR} chof - "$$tardir"'
am__untar='${AMTAR} xf -'
bindir='${exec_prefix}/bin'
build='x86_64-apple-darwin10.8.0'
build_alias=''
build_cpu='x86_64'
build_os='darwin10.8.0'
build_vendor='apple'
datadir='${datarootdir}'
datarootdir='${prefix}/share'
docdir='${datarootdir}/doc/${PACKAGE_TARNAME}'
dvidir='${docdir}'
exec_prefix='${prefix}'
host='x86_64-apple-darwin10.8.0'
host_alias=''
host_cpu='x86_64'
host_os='darwin10.8.0'
host_vendor='apple'
htmldir='${docdir}'
includedir='${prefix}/include'
infodir='${datarootdir}/info'
install_sh='${SHELL} /Users/vladimirjanjic/st-andrews/research/hpcgap-stuff/hpcgap/pkg/io/cnf/install-sh'
libdir='${exec_prefix}/lib'
libexecdir='${exec_prefix}/libexec'
localedir='${datarootdir}/locale'
localstatedir='${prefix}/var'
mandir='${datarootdir}/man'
mkdir_p='/opt/local/bin/gmkdir -p'
oldincludedir='/usr/include'
pdfdir='${docdir}'
prefix='/Users/vladimirjanjic/st-andrews/research/hpcgap-stuff/hpcgap/pkg/io'
program_transform_name='s,x,x,'
psdir='${docdir}'
sbindir='${exec_prefix}/sbin'
sharedstatedir='${prefix}/com'
sysconfdir='${prefix}/etc'
target_alias=''

## ----------- ##
## confdefs.h. ##
## ----------- ##

/* confdefs.h */
#define PACKAGE_NAME "IOPKG"
#define PACKAGE_TARNAME "iopkg"
#define PACKAGE_VERSION "4.0"
#define PACKAGE_STRING "IOPKG 4.0"
#define PACKAGE_BUGREPORT "neunhoef@mcs.st-and.ac.uk"
#define PACKAGE_URL ""
#define PACKAGE "iopkg"
#define VERSION "4.0"
#define STDC_HEADERS 1
#define HAVE_SYS_TYPES_H 1
#define HAVE_SYS_STAT_H 1
#define HAVE_STDLIB_H 1
#define HAVE_STRING_H 1
#define HAVE_MEMORY_H 1
#define HAVE_STRINGS_H 1
#define HAVE_INTTYPES_H 1
#define HAVE_STDINT_H 1
#define HAVE_UNISTD_H 1
#define HAVE_DLFCN_H 1
#define LT_OBJDIR ".libs/"
#define SIZEOF_VOID_PP 8
#define HAVE_DIRENT_H 1
#define STDC_HEADERS 1
#define HAVE_SYS_WAIT_H 1
#define HAVE_FCNTL_H 1
#define HAVE_NETDB_H 1
#define HAVE_NETINET_IN_H 1
#define HAVE_NETINET_TCP_H 1
#define HAVE_STDLIB_H 1
#define HAVE_SYS_SOCKET_H 1
#define HAVE_SYS_TIME_H 1
#define HAVE_TIME_H 1
#define HAVE_UNISTD_H 1
#define HAVE_SIGNAL_H 1
#define HAVE_STRUCT_STAT_ST_BLKSIZE 1
#define HAVE_STRUCT_STAT_ST_BLOCKS 1
#define HAVE_ST_BLOCKS 1
#define HAVE_STRUCT_STAT_ST_RDEV 1
#define TIME_WITH_SYS_TIME 1
#define HAVE_UNISTD_H 1
#define HAVE_CHOWN 1
#define HAVE_FORK 1
#define HAVE_VFORK 1
#define HAVE_WORKING_VFORK 1
#define HAVE_WORKING_FORK 1
#define HAVE_SYS_SELECT_H 1
#define HAVE_SYS_SOCKET_H 1
#define SELECT_TYPE_ARG1 int
#define SELECT_TYPE_ARG234 (fd_set *)
#define SELECT_TYPE_ARG5 (struct timeval *)
#define RETSIGTYPE void
#define HAVE_DUP2 1
#define HAVE_GETHOSTBYNAME 1
#define HAVE_LCHOWN 1
#define HAVE_MEMSET 1
#define HAVE_MKDIR 1
#define HAVE_MKFIFO 1
#define HAVE_RMDIR 1
#define HAVE_SELECT 1
#define HAVE_SOCKET 1
#define HAVE_GETPROTOBYNAME 1
#define HAVE_SIGNAL 1
#define HAVE_OPENDIR 1
#define HAVE_READDIR 1
#define HAVE_CLOSEDIR 1
#define HAVE_REWINDDIR 1
#define HAVE_TELLDIR 1
#define HAVE_SEEKDIR 1
#define HAVE_UNLINK 1
#define HAVE_LINK 1
#define HAVE_RENAME 1
#define HAVE_SYMLINK 1
#define HAVE_READLINK 1
#define HAVE_ACCEPT 1
#define HAVE_BIND 1
#define HAVE_CHMOD 1
#define HAVE_CONNECT 1
#define HAVE_DUP 1
#define HAVE_FCHMOD 1
#define HAVE_FCHOWN 1
#define HAVE_STAT 1
#define HAVE_FSTAT 1
#define HAVE_LSTAT 1
#define HAVE_GETSOCKOPT 1
#define HAVE_LISTEN 1
#define HAVE_LSTAT 1
#define HAVE_MKNOD 1
#define HAVE_RECV 1
#define HAVE_RECVFROM 1
#define HAVE_SEND 1
#define HAVE_SENDTO 1
#define HAVE_SETSOCKOPT 1
#define HAVE_GETTIMEOFDAY 1
#define HAVE_GMTIME 1
#define HAVE_LOCALTIME 1
#define HAVE_GETPID 1
#define HAVE_GETPPID 1
#define HAVE_KILL 1
#define HAVE_GETHOSTNAME 1
#define HAVE_GETSOCKNAME 1
#define SYS_IS_CYGWIN32 0
#define SYS_IS_DARWIN 1

configure: exit 0
